
Showing logs for build [32mtrietlu-flask-jx-sample-master-2mgbf-12[0m stage [32mfrom-build-pack[0m and container [32mstep-credential-initializer-7dv8s[0m
{"level":"warn","ts":1581732832.327497,"logger":"fallback-logger","caller":"logging/config.go:69","msg":"Fetch GitHub commit ID from kodata failed: \"ref: refs/heads/0.8.0-**-support-backwards-incompats\" is not a valid GitHub commit ID"}
{"level":"info","ts":1581732832.3278272,"logger":"fallback-logger","caller":"creds-init/main.go:40","msg":"Credentials initialized."}

Showing logs for build [32mtrietlu-flask-jx-sample-master-2mgbf-12[0m stage [32mfrom-build-pack[0m and container [32mstep-working-dir-initializer-9cpxx[0m
{"level":"warn","ts":1581732833.5393474,"logger":"fallback-logger","caller":"logging/config.go:69","msg":"Fetch GitHub commit ID from kodata failed: open /var/run/ko/HEAD: no such file or directory"}
{"level":"info","ts":1581732833.541935,"logger":"fallback-logger","caller":"bash/main.go:64","msg":"Successfully executed command \"sh -c mkdir -p /workspace/source\"; output "}

Showing logs for build [32mtrietlu-flask-jx-sample-master-2mgbf-12[0m stage [32mfrom-build-pack[0m and container [32mstep-place-tools[0m

Showing logs for build [32mtrietlu-flask-jx-sample-master-2mgbf-12[0m stage [32mfrom-build-pack[0m and container [32mstep-git-source-trietlu-flask-jx-sample-master-2mgbf-gc2gq[0m
{"level":"warn","ts":1581732839.5927265,"logger":"fallback-logger","caller":"logging/config.go:69","msg":"Fetch GitHub commit ID from kodata failed: \"ref: refs/heads/0.8.0-**-support-backwards-incompats\" is not a valid GitHub commit ID"}
{"level":"info","ts":1581732839.9101746,"logger":"fallback-logger","caller":"git/git.go:103","msg":"Successfully cloned https://github.com/*******/flask-**-sample.git @ v0.0.12 in path /workspace/source"}

Showing logs for build [32mtrietlu-flask-jx-sample-master-2mgbf-12[0m stage [32mfrom-build-pack[0m and container [32mstep-git-merge[0m
Using SHAs from PULL_REFS=master:1d2b5ef10e89144e777ab57f9a17108f0ed0bd06
WARNING: no SHAs to merge, falling back to initial cloned commit

Showing logs for build [32mtrietlu-flask-jx-sample-master-2mgbf-12[0m stage [32mfrom-build-pack[0m and container [32mstep-setup-jx-git-credentials[0m
Generated Git credentials file /workspace/xdg_config/git/credentials

Showing logs for build [32mtrietlu-flask-jx-sample-master-2mgbf-12[0m stage [32mfrom-build-pack[0m and container [32mstep-build-python-unittest[0m

----------------------------------------------------------------------
Ran 0 tests in 0.000s

OK

Showing logs for build [32mtrietlu-flask-jx-sample-master-2mgbf-12[0m stage [32mfrom-build-pack[0m and container [32mstep-build-container-build[0m
[36mINFO[0m[0000] Downloading base image python:onbuild        
[36mINFO[0m[0000] Error while retrieving image from cache: getting file info: stat /workspace/sha256:43780a8431c53f4afd734ad795e03127c0c607337a60639c5903a51a03535c22: no such file or directory 
[36mINFO[0m[0000] Downloading base image python:onbuild        
[36mINFO[0m[0000] Executing 3 build triggers                   
[36mINFO[0m[0000] Using files from context: [/workspace/source/requirements.txt] 
[36mINFO[0m[0000] Checking for cached layer 251647719696.dkr.ecr.us-east-2.amazonaws.com/todo/cache:d59b97174bce710b82c453d1c61c69fabd876428b1d9b57a93fe29aaa79d6fc7... 
[36mINFO[0m[0000] No cached layer found for cmd RUN pip install --no-cache-dir -r requirements.txt 
[36mINFO[0m[0000] Unpacking rootfs as cmd RUN pip install --no-cache-dir -r requirements.txt requires it. 
[36mINFO[0m[0012] Taking snapshot of full filesystem...        
[36mINFO[0m[0019] Using files from context: [/workspace/source/requirements.txt] 
[36mINFO[0m[0019] COPY requirements.txt /usr/src/app/          
[36mINFO[0m[0019] Taking snapshot of files...                  
[36mINFO[0m[0019] RUN pip install --no-cache-dir -r requirements.txt 
[36mINFO[0m[0019] cmd: /bin/sh                                 
[36mINFO[0m[0019] args: [-c pip install --no-cache-dir -r requirements.txt] 
Collecting Flask (from -r requirements.txt (line 2))
  Downloading https://files.pythonhosted.org/packages/9b/93/628509b8d5dc749656a9641f4caf13540e2cdec85276964ff8f43bbb1d3b/Flask-1.1.1-py2.py3-none-any.whl (94kB)
Collecting Werkzeug>=0.15 (from Flask->-r requirements.txt (line 2))
  Downloading https://files.pythonhosted.org/packages/ba/a5/d6f8a6e71f15364d35678a4ec8a0186f980b3bd2545f40ad51dd26a87fb1/Werkzeug-1.0.0-py2.py3-none-any.whl (298kB)
Collecting Jinja2>=2.10.1 (from Flask->-r requirements.txt (line 2))
  Downloading https://files.pythonhosted.org/packages/27/24/4f35961e5c669e96f6559760042a55b9bcfcdb82b9bdb3c8753dbe042e35/Jinja2-2.11.1-py2.py3-none-any.whl (126kB)
Collecting itsdangerous>=0.24 (from Flask->-r requirements.txt (line 2))
  Downloading https://files.pythonhosted.org/packages/76/ae/44b03b253d6fade317f32c24d100b3b35c2239807046a4c953c7b89fa49e/itsdangerous-1.1.0-py2.py3-none-any.whl
Collecting click>=5.1 (from Flask->-r requirements.txt (line 2))
  Downloading https://files.pythonhosted.org/packages/fa/37/45185cb5abbc30d7257104c434fe0b07e5a195a6847506c074527aa599ec/Click-7.0-py2.py3-none-any.whl (81kB)
Collecting MarkupSafe>=0.23 (from Jinja2>=2.10.1->Flask->-r requirements.txt (line 2))
  Downloading https://files.pythonhosted.org/packages/b2/5f/23e0023be6bb885d00ffbefad2942bc51a620328ee910f64abe5a8d18dd1/MarkupSafe-1.1.1-cp36-cp36m-manylinux1_x86_64.whl
Installing collected packages: Werkzeug, MarkupSafe, Jinja2, itsdangerous, click, Flask
Successfully installed Flask-1.1.1 Jinja2-2.11.1 MarkupSafe-1.1.1 Werkzeug-1.0.0 click-7.0 itsdangerous-1.1.0
You are using pip version 10.0.1, however version 20.0.2 is available.
You should consider upgrading via the 'pip install --upgrade pip' command.
[36mINFO[0m[0021] Taking snapshot of full filesystem...        
[36mINFO[0m[0024] Pushing layer 251647719696.dkr.ecr.us-east-2.amazonaws.com/todo/cache:d59b97174bce710b82c453d1c61c69fabd876428b1d9b57a93fe29aaa79d6fc7 to cache now 
[36mINFO[0m[0024] Using files from context: [/workspace/source] 
[36mINFO[0m[0024] COPY . /usr/src/app                          
[36mINFO[0m[0024] Taking snapshot of files...                  
[36mINFO[0m[0024] Using files from context: [/workspace/source/requirements.txt] 
[36mINFO[0m[0024] COPY requirements.txt .                      
[36mINFO[0m[0024] Taking snapshot of files...                  
[36mINFO[0m[0024] Using files from context: [/workspace/source/butler.png] 
[36mINFO[0m[0024] COPY butler.png .                            
[36mINFO[0m[0024] Taking snapshot of files...                  
[36mINFO[0m[0024] Using files from context: [/workspace/source/xss.html] 
[36mINFO[0m[0024] COPY xss.html .                              
[36mINFO[0m[0024] Taking snapshot of files...                  
[36mINFO[0m[0024] Using files from context: [/workspace/source/flask_app.py] 
[36mINFO[0m[0024] COPY flask_app.py .                          
[36mINFO[0m[0024] Taking snapshot of files...                  
[36mINFO[0m[0024] ENV PORT 8080                                
[36mINFO[0m[0024] No files changed in this command, skipping snapshotting. 
[36mINFO[0m[0024] EXPOSE 8080                                  
[36mINFO[0m[0024] cmd: EXPOSE                                  
[36mINFO[0m[0024] Adding exposed port: 8080/tcp                
[36mINFO[0m[0024] No files changed in this command, skipping snapshotting. 
[36mINFO[0m[0024] ENTRYPOINT ["python"]                        
[36mINFO[0m[0024] No files changed in this command, skipping snapshotting. 
[36mINFO[0m[0024] CMD ["/usr/src/app/flask_app.py"]            
[36mINFO[0m[0024] No files changed in this command, skipping snapshotting. 
[33mWARN[0m[0025] error uploading layer to cache: failed to push to destination 251647719696.dkr.ecr.us-east-2.amazonaws.com/todo/cache:d59b97174bce710b82c453d1c61c69fabd876428b1d9b57a93fe29aaa79d6fc7: NAME_UNKNOWN: The repository with name 'todo/cache' does not exist in the registry with id '251647719696' 
2020/02/15 02:14:27 existing blob: sha256:1c7fe136a31e13a1c879245672184ced3b9fc590989ba42a522a57b071a9c1aa
2020/02/15 02:14:27 existing blob: sha256:e96bc319bce0351d1157092352bc5f85f8800c745388e60e86d06dec99285b45
2020/02/15 02:14:27 existing blob: sha256:ece825d3308bbf98f708d95475ccd880497a1e2979ff4ef2534d49049a18488f
2020/02/15 02:14:27 existing blob: sha256:f0db43b9b8da254cebc77bf871006df01219e195b9853616b9f708f124a00f3a
2020/02/15 02:14:27 existing blob: sha256:06854774e2f35e4763103a446112c67322913a6177bea69eb49663e0166e6d6d
2020/02/15 02:14:27 existing blob: sha256:e10b68fb77e6e91453cd4c1b02e2d77aa23a857cd8eb250617129d074478e1a5
2020/02/15 02:14:27 existing blob: sha256:e2c0fb34dff3a1d32346b92e53fb88a14d1987b402a2348cb379c039687fabe2
2020/02/15 02:14:27 existing blob: sha256:2d21c767035c4593de8bf7ad9781aa83ba110871d1a50871192f4e3480e6f11d
2020/02/15 02:14:27 existing blob: sha256:490280dbcfb772eb5731f059e38fcfacaeb75b4d005af7c249fd51926db2bd62
2020/02/15 02:14:28 pushed blob: sha256:fc6c711c9209c0ca9416c2e6edd7a82296168956ea0634f628bfc99fb99396f0
2020/02/15 02:14:28 pushed blob: sha256:0fe1fd3ce3260719a54896e9cc248a96a7d05787c872c742343bc2ae3e7595d3
2020/02/15 02:14:28 pushed blob: sha256:50225f7278c5d2a0e6328712ab8fd03ee66424d585f0676cb4ddfcee4b8c9cda
2020/02/15 02:14:28 pushed blob: sha256:643330dfe8431369c4b18ef32c5303f46b452778c01bf4c7527ce34a9991be2f
2020/02/15 02:14:28 pushed blob: sha256:3a70783ad3fadfa345492ce8a5a67c74b52bc55338571c13fa82bf268c46f791
2020/02/15 02:14:28 pushed blob: sha256:7354d0bce24cec370dde28e90fb2d5c7687c2d5ee7711a3f6ffe4087b9878a00
2020/02/15 02:14:28 pushed blob: sha256:8bf81796c85b4aeb3a8d17f49573757f6d0e028209dca057d1bccbfd204516f2
2020/02/15 02:14:29 pushed blob: sha256:8296528221b470649568377b391b7280ae4619b6c00ef2170983f042f0486339
2020/02/15 02:14:29 251647719696.dkr.ecr.us-east-2.amazonaws.com/*******/flask-**-sample:0.0.12: digest: sha256:f2ed6c01df4b027037a716f0b10617a187d4006ca4da50048204d6250098919d size: 2867

Showing logs for build [32mtrietlu-flask-jx-sample-master-2mgbf-12[0m stage [32mfrom-build-pack[0m and container [32mstep-build-post-build[0m
no CVE provider running in the current ** namespace so skip adding image to be analysed

Showing logs for build [32mtrietlu-flask-jx-sample-master-2mgbf-12[0m stage [32mfrom-build-pack[0m and container [32mstep-promote-changelog[0m
Converted /workspace/source/charts/flask-**-sample to an unshallow repository
Generating change log from git ref 07bf24531b3c1d55e865f5ac637bf1334622c589 => 24ebc6846994eaf0f02a14288c97cba5a44d32fe
Associating user ******* in users.jenkins.io with email 40174644+*******@users.noreply.github.com to git GitProvider user with login -0 as emails match
Adding label jenkins.io/git-github-userid=-0 to user ******* in users.jenkins.io
WARNING: Failed to enrich commit 416de3c2965eccdac03a94bf8cc527fc40e43d9c with issues: User.jenkins.io "*******" is invalid: metadata.labels: Invalid value: "-0": a valid label must be an empty string or consist of alphanumeric characters, '-', '_' or '.', and must start and end with an alphanumeric character (e.g. 'MyValue',  or 'my_value',  or '12345', regex used for validation is '(([A-Za-z0-9][-A-Za-z0-9_.]*)?[A-Za-z0-9])?')
WARNING: Failed to enrich commit 416de3c2965eccdac03a94bf8cc527fc40e43d9c with issues: users.jenkins.io "x-0" already exists
Finding issues in commit messages using git format
Associating user ******* in users.jenkins.io with email 40174644+*******@users.noreply.github.com to git GitProvider user with login -0 as emails match
Adding label jenkins.io/git-github-userid=-0 to user ******* in users.jenkins.io
WARNING: Failed to enrich commit 2f880179ef6e46c21e0589de5b65aad8215ff3b5 with issues: User.jenkins.io "*******" is invalid: metadata.labels: Invalid value: "-0": a valid label must be an empty string or consist of alphanumeric characters, '-', '_' or '.', and must start and end with an alphanumeric character (e.g. 'MyValue',  or 'my_value',  or '12345', regex used for validation is '(([A-Za-z0-9][-A-Za-z0-9_.]*)?[A-Za-z0-9])?')
WARNING: Failed to enrich commit 2f880179ef6e46c21e0589de5b65aad8215ff3b5 with issues: users.jenkins.io "x-0" already exists
WARNING: No release found for *******/flask-**-sample and tag v0.0.12 so creating a new release
Updated the release information at https://github.com/*******/flask-**-sample/releases/tag/v0.0.12
generated: /workspace/source/charts/flask-**-sample/templates/release.yaml
Created Release flask-**-sample-0-0-12 resource in namespace **
Updating PipelineActivity *******-flask-**-sample-master-12 with version 0.0.12
Updated PipelineActivities *******-flask-**-sample-master-12 with release notes URL: https://github.com/*******/flask-**-sample/releases/tag/v0.0.12

Showing logs for build [32mtrietlu-flask-jx-sample-master-2mgbf-12[0m stage [32mfrom-build-pack[0m and container [32mstep-promote-helm-release[0m
WARNING: No $CHART_REPOSITORY defined so using the default value of: http://jenkins-x-chartmuseum:8080
Adding missing Helm repo: storage.googleapis.com https://storage.googleapis.com/chartmuseum.jenkins-x.io
Successfully added Helm repository storage.googleapis.com.
Adding missing Helm repo: jenkins-x-chartmuseum http://jenkins-x-chartmuseum:8080
Successfully added Helm repository jenkins-x-chartmuseum.
WARNING: No $CHART_REPOSITORY defined so using the default value of: http://jenkins-x-chartmuseum:8080
Uploading chart file flask-**-sample-0.0.12.tgz to http://jenkins-x-chartmuseum:8080/api/charts
Received 201 response: {"saved":true}

Showing logs for build [32mtrietlu-flask-jx-sample-master-2mgbf-12[0m stage [32mfrom-build-pack[0m and container [32mstep-promote-jx-promote[0m
WARNING: prow based install so skip waiting for the merge of Pull Requests to go green as currently there is an issue with gettingstatuses from the PR, see https://github.com/jenkins-x/**/issues/2410
WARNING: No $CHART_REPOSITORY defined so using the default value of: http://jenkins-x-chartmuseum:8080
Promoting app flask-**-sample version 0.0.12 to namespace **-staging
WARNING: 
Created Pull Request: https://github.com/*******/environment-jenkinsx-staging/pull/12
Added label updatebot to Pull Request https://github.com/*******/environment-jenkinsx-staging/pull/12
got git provider status pending from PR https://github.com/*******/environment-jenkinsx-staging/pull/12
got git provider status pending from PR https://github.com/*******/environment-jenkinsx-staging/pull/12
got git provider status pending from PR https://github.com/*******/environment-jenkinsx-staging/pull/12
Pull Request https://github.com/*******/environment-jenkinsx-staging/pull/12 is merged at sha 2b3ef4f259ca4f9d1307fea64dc5122a21d7597b
Pull Request merged but we are not waiting for the update pipeline to complete!
