
Showing logs for build [32mtrietlu-flask-jx-sample-master-tfmcm-19[0m stage [32mfrom-build-pack[0m and container [32mstep-credential-initializer-lbbx2[0m
{"level":"warn","ts":1581960711.2068918,"logger":"fallback-logger","caller":"logging/config.go:69","msg":"Fetch GitHub commit ID from kodata failed: \"ref: refs/heads/0.8.0-**-support-backwards-incompats\" is not a valid GitHub commit ID"}
{"level":"info","ts":1581960711.2072012,"logger":"fallback-logger","caller":"creds-init/main.go:40","msg":"Credentials initialized."}

Showing logs for build [32mtrietlu-flask-jx-sample-master-tfmcm-19[0m stage [32mfrom-build-pack[0m and container [32mstep-working-dir-initializer-78jg6[0m
{"level":"warn","ts":1581960712.2161548,"logger":"fallback-logger","caller":"logging/config.go:69","msg":"Fetch GitHub commit ID from kodata failed: open /var/run/ko/HEAD: no such file or directory"}
{"level":"info","ts":1581960712.2170458,"logger":"fallback-logger","caller":"bash/main.go:64","msg":"Successfully executed command \"sh -c mkdir -p /workspace/source\"; output "}

Showing logs for build [32mtrietlu-flask-jx-sample-master-tfmcm-19[0m stage [32mfrom-build-pack[0m and container [32mstep-place-tools[0m

Showing logs for build [32mtrietlu-flask-jx-sample-master-tfmcm-19[0m stage [32mfrom-build-pack[0m and container [32mstep-git-source-trietlu-flask-jx-sample-master-tfmcm-jk9hw[0m
{"level":"warn","ts":1581960717.292649,"logger":"fallback-logger","caller":"logging/config.go:69","msg":"Fetch GitHub commit ID from kodata failed: \"ref: refs/heads/0.8.0-**-support-backwards-incompats\" is not a valid GitHub commit ID"}
{"level":"info","ts":1581960717.5610378,"logger":"fallback-logger","caller":"git/git.go:103","msg":"Successfully cloned https://github.com/*******/flask-**-sample.git @ v0.0.18 in path /workspace/source"}

Showing logs for build [32mtrietlu-flask-jx-sample-master-tfmcm-19[0m stage [32mfrom-build-pack[0m and container [32mstep-git-merge[0m
Using SHAs from PULL_REFS=master:f703df1424bc2901af7967f5118e1c8ac25f39b2
WARNING: no SHAs to merge, falling back to initial cloned commit

Showing logs for build [32mtrietlu-flask-jx-sample-master-tfmcm-19[0m stage [32mfrom-build-pack[0m and container [32mstep-setup-jx-git-credentials[0m
Generated Git credentials file /workspace/xdg_config/git/credentials

Showing logs for build [32mtrietlu-flask-jx-sample-master-tfmcm-19[0m stage [32mfrom-build-pack[0m and container [32mstep-build-python-unittest[0m

----------------------------------------------------------------------
Ran 0 tests in 0.000s

OK

Showing logs for build [32mtrietlu-flask-jx-sample-master-tfmcm-19[0m stage [32mfrom-build-pack[0m and container [32mstep-build-container-build[0m
[36mINFO[0m[0000] Downloading base image python:onbuild        
[36mINFO[0m[0000] Error while retrieving image from cache: getting file info: stat /workspace/sha256:43780a8431c53f4afd734ad795e03127c0c607337a60639c5903a51a03535c22: no such file or directory 
[36mINFO[0m[0000] Downloading base image python:onbuild        
[36mINFO[0m[0000] Executing 3 build triggers                   
[36mINFO[0m[0000] Using files from context: [/workspace/source/requirements.txt] 
[36mINFO[0m[0000] Checking for cached layer 251647719696.dkr.ecr.us-east-2.amazonaws.com/todo/cache:d59b97174bce710b82c453d1c61c69fabd876428b1d9b57a93fe29aaa79d6fc7... 
[36mINFO[0m[0000] No cached layer found for cmd RUN pip install --no-cache-dir -r requirements.txt 
[36mINFO[0m[0000] Unpacking rootfs as cmd RUN pip install --no-cache-dir -r requirements.txt requires it. 
[36mINFO[0m[0012] Taking snapshot of full filesystem...        
[36mINFO[0m[0019] Using files from context: [/workspace/source/requirements.txt] 
[36mINFO[0m[0019] COPY requirements.txt /usr/src/app/          
[36mINFO[0m[0019] Taking snapshot of files...                  
[36mINFO[0m[0019] RUN pip install --no-cache-dir -r requirements.txt 
[36mINFO[0m[0019] cmd: /bin/sh                                 
[36mINFO[0m[0019] args: [-c pip install --no-cache-dir -r requirements.txt] 
Collecting Flask (from -r requirements.txt (line 2))
  Downloading https://files.pythonhosted.org/packages/9b/93/628509b8d5dc749656a9641f4caf13540e2cdec85276964ff8f43bbb1d3b/Flask-1.1.1-py2.py3-none-any.whl (94kB)
Collecting Jinja2>=2.10.1 (from Flask->-r requirements.txt (line 2))
  Downloading https://files.pythonhosted.org/packages/27/24/4f35961e5c669e96f6559760042a55b9bcfcdb82b9bdb3c8753dbe042e35/Jinja2-2.11.1-py2.py3-none-any.whl (126kB)
Collecting itsdangerous>=0.24 (from Flask->-r requirements.txt (line 2))
  Downloading https://files.pythonhosted.org/packages/76/ae/44b03b253d6fade317f32c24d100b3b35c2239807046a4c953c7b89fa49e/itsdangerous-1.1.0-py2.py3-none-any.whl
Collecting Werkzeug>=0.15 (from Flask->-r requirements.txt (line 2))
  Downloading https://files.pythonhosted.org/packages/ba/a5/d6f8a6e71f15364d35678a4ec8a0186f980b3bd2545f40ad51dd26a87fb1/Werkzeug-1.0.0-py2.py3-none-any.whl (298kB)
Collecting click>=5.1 (from Flask->-r requirements.txt (line 2))
  Downloading https://files.pythonhosted.org/packages/fa/37/45185cb5abbc30d7257104c434fe0b07e5a195a6847506c074527aa599ec/Click-7.0-py2.py3-none-any.whl (81kB)
Collecting MarkupSafe>=0.23 (from Jinja2>=2.10.1->Flask->-r requirements.txt (line 2))
  Downloading https://files.pythonhosted.org/packages/b2/5f/23e0023be6bb885d00ffbefad2942bc51a620328ee910f64abe5a8d18dd1/MarkupSafe-1.1.1-cp36-cp36m-manylinux1_x86_64.whl
Installing collected packages: MarkupSafe, Jinja2, itsdangerous, Werkzeug, click, Flask
Successfully installed Flask-1.1.1 Jinja2-2.11.1 MarkupSafe-1.1.1 Werkzeug-1.0.0 click-7.0 itsdangerous-1.1.0
You are using pip version 10.0.1, however version 20.0.2 is available.
You should consider upgrading via the 'pip install --upgrade pip' command.
[36mINFO[0m[0021] Taking snapshot of full filesystem...        
[36mINFO[0m[0024] Pushing layer 251647719696.dkr.ecr.us-east-2.amazonaws.com/todo/cache:d59b97174bce710b82c453d1c61c69fabd876428b1d9b57a93fe29aaa79d6fc7 to cache now 
[36mINFO[0m[0024] Using files from context: [/workspace/source] 
[36mINFO[0m[0024] COPY . /usr/src/app                          
[36mINFO[0m[0024] Taking snapshot of files...                  
[36mINFO[0m[0024] Using files from context: [/workspace/source/requirements.txt] 
[36mINFO[0m[0024] COPY requirements.txt .                      
[36mINFO[0m[0024] Taking snapshot of files...                  
[36mINFO[0m[0024] Using files from context: [/workspace/source/butler.png] 
[36mINFO[0m[0024] COPY butler.png .                            
[36mINFO[0m[0024] Taking snapshot of files...                  
[36mINFO[0m[0024] Using files from context: [/workspace/source/xss.html] 
[36mINFO[0m[0024] COPY xss.html .                              
[36mINFO[0m[0024] Taking snapshot of files...                  
[36mINFO[0m[0024] Using files from context: [/workspace/source/flask_app.py] 
[36mINFO[0m[0024] COPY flask_app.py .                          
[36mINFO[0m[0024] Taking snapshot of files...                  
[36mINFO[0m[0024] ENV PORT 8080                                
[36mINFO[0m[0024] No files changed in this command, skipping snapshotting. 
[36mINFO[0m[0024] EXPOSE 8080                                  
[36mINFO[0m[0024] cmd: EXPOSE                                  
[36mINFO[0m[0024] Adding exposed port: 8080/tcp                
[36mINFO[0m[0024] No files changed in this command, skipping snapshotting. 
[36mINFO[0m[0024] ENTRYPOINT ["python"]                        
[36mINFO[0m[0024] No files changed in this command, skipping snapshotting. 
[36mINFO[0m[0024] CMD ["/usr/src/app/flask_app.py"]            
[36mINFO[0m[0024] No files changed in this command, skipping snapshotting. 
[33mWARN[0m[0024] error uploading layer to cache: failed to push to destination 251647719696.dkr.ecr.us-east-2.amazonaws.com/todo/cache:d59b97174bce710b82c453d1c61c69fabd876428b1d9b57a93fe29aaa79d6fc7: NAME_UNKNOWN: The repository with name 'todo/cache' does not exist in the registry with id '251647719696' 
2020/02/17 17:32:23 existing blob: sha256:f0db43b9b8da254cebc77bf871006df01219e195b9853616b9f708f124a00f3a
2020/02/17 17:32:23 existing blob: sha256:ece825d3308bbf98f708d95475ccd880497a1e2979ff4ef2534d49049a18488f
2020/02/17 17:32:23 existing blob: sha256:2d21c767035c4593de8bf7ad9781aa83ba110871d1a50871192f4e3480e6f11d
2020/02/17 17:32:23 existing blob: sha256:e10b68fb77e6e91453cd4c1b02e2d77aa23a857cd8eb250617129d074478e1a5
2020/02/17 17:32:23 existing blob: sha256:06854774e2f35e4763103a446112c67322913a6177bea69eb49663e0166e6d6d
2020/02/17 17:32:23 existing blob: sha256:490280dbcfb772eb5731f059e38fcfacaeb75b4d005af7c249fd51926db2bd62
2020/02/17 17:32:23 existing blob: sha256:e2c0fb34dff3a1d32346b92e53fb88a14d1987b402a2348cb379c039687fabe2
2020/02/17 17:32:23 existing blob: sha256:1c7fe136a31e13a1c879245672184ced3b9fc590989ba42a522a57b071a9c1aa
2020/02/17 17:32:23 existing blob: sha256:e96bc319bce0351d1157092352bc5f85f8800c745388e60e86d06dec99285b45
2020/02/17 17:32:24 pushed blob: sha256:531bc1f1582deff736e97fff2ab508a9afc4fa52907dae5a907a31d52ea77f23
2020/02/17 17:32:24 pushed blob: sha256:f7bc8a83e8d6ba7f0396e021d8e71d2f323d00ac3adcbcd753b798451f5910e1
2020/02/17 17:32:24 pushed blob: sha256:ec32f651af9c7387f8de72c191c91e6445b3ae10530d69e87deeac860977c91c
2020/02/17 17:32:24 pushed blob: sha256:bafb9507643591f1d2f150991653fb4e3e395aaffa8dd730d72dac329d00ec86
2020/02/17 17:32:24 pushed blob: sha256:f60a0ae9a9347034e7bc3cad3d3570dfab4c9c2a82b7b70bbfc8a94b6a9e788d
2020/02/17 17:32:24 pushed blob: sha256:84533497b938d69a0697cc3eead906a2691a2f21c283d418c09e1c8e38ace1b9
2020/02/17 17:32:24 pushed blob: sha256:7cd3eda1a0633d751e2f80e6ed292c257339eed3543a7a7ecdacc330f2597af9
2020/02/17 17:32:24 pushed blob: sha256:87dc7fb8f4c00876d84eeb0bc0beb6f07256e1117a32de8c65bb7feeb6e675f5
2020/02/17 17:32:24 251647719696.dkr.ecr.us-east-2.amazonaws.com/*******/flask-**-sample:0.0.18: digest: sha256:6de6e8dbdfff8ebd2fe83021b611497b0a1d04db42473ef4c482f913bb75f072 size: 2867

Showing logs for build [32mtrietlu-flask-jx-sample-master-tfmcm-19[0m stage [32mfrom-build-pack[0m and container [32mstep-build-post-build[0m
no CVE provider running in the current ** namespace so skip adding image to be analysed

Showing logs for build [32mtrietlu-flask-jx-sample-master-tfmcm-19[0m stage [32mfrom-build-pack[0m and container [32mstep-promote-changelog[0m
Converted /workspace/source/charts/flask-**-sample to an unshallow repository
Generating change log from git ref bee7c8b943417e5ea6e1638d118d058d2427727a => 8a0496f736fc3bf0ad5c441b80f8d1e915664f3b
Associating user ******* in users.jenkins.io with email 40174644+*******@users.noreply.github.com to git GitProvider user with login -0 as emails match
Adding label jenkins.io/git-github-userid=-0 to user ******* in users.jenkins.io
WARNING: Failed to enrich commit 4e427710dda455362393c33b148ded38ce349e72 with issues: User.jenkins.io "*******" is invalid: metadata.labels: Invalid value: "-0": a valid label must be an empty string or consist of alphanumeric characters, '-', '_' or '.', and must start and end with an alphanumeric character (e.g. 'MyValue',  or 'my_value',  or '12345', regex used for validation is '(([A-Za-z0-9][-A-Za-z0-9_.]*)?[A-Za-z0-9])?')
WARNING: Failed to enrich commit 4e427710dda455362393c33b148ded38ce349e72 with issues: users.jenkins.io "x-0" already exists
Finding issues in commit messages using git format
Associating user ******* in users.jenkins.io with email 40174644+*******@users.noreply.github.com to git GitProvider user with login -0 as emails match
Adding label jenkins.io/git-github-userid=-0 to user ******* in users.jenkins.io
WARNING: Failed to enrich commit 0efb628db7aed22996755317ceb3179456f0dbf9 with issues: User.jenkins.io "*******" is invalid: metadata.labels: Invalid value: "-0": a valid label must be an empty string or consist of alphanumeric characters, '-', '_' or '.', and must start and end with an alphanumeric character (e.g. 'MyValue',  or 'my_value',  or '12345', regex used for validation is '(([A-Za-z0-9][-A-Za-z0-9_.]*)?[A-Za-z0-9])?')
WARNING: Failed to enrich commit 0efb628db7aed22996755317ceb3179456f0dbf9 with issues: users.jenkins.io "x-0" already exists
Associating user ******* in users.jenkins.io with email 40174644+*******@users.noreply.github.com to git GitProvider user with login -0 as emails match
Adding label jenkins.io/git-github-userid=-0 to user ******* in users.jenkins.io
WARNING: Failed to enrich commit 881233f281dc01361dd6c978d61593e3bac130cd with issues: User.jenkins.io "*******" is invalid: metadata.labels: Invalid value: "-0": a valid label must be an empty string or consist of alphanumeric characters, '-', '_' or '.', and must start and end with an alphanumeric character (e.g. 'MyValue',  or 'my_value',  or '12345', regex used for validation is '(([A-Za-z0-9][-A-Za-z0-9_.]*)?[A-Za-z0-9])?')
WARNING: Failed to enrich commit 881233f281dc01361dd6c978d61593e3bac130cd with issues: users.jenkins.io "x-0" already exists
WARNING: No release found for *******/flask-**-sample and tag v0.0.18 so creating a new release
Updated the release information at https://github.com/*******/flask-**-sample/releases/tag/v0.0.18
generated: /workspace/source/charts/flask-**-sample/templates/release.yaml
Created Release flask-**-sample-0-0-18 resource in namespace **
Updating PipelineActivity *******-flask-**-sample-master-19 with version 0.0.18
Updated PipelineActivities *******-flask-**-sample-master-19 with release notes URL: https://github.com/*******/flask-**-sample/releases/tag/v0.0.18

Showing logs for build [32mtrietlu-flask-jx-sample-master-tfmcm-19[0m stage [32mfrom-build-pack[0m and container [32mstep-promote-helm-release[0m
WARNING: No $CHART_REPOSITORY defined so using the default value of: http://jenkins-x-chartmuseum:8080
Adding missing Helm repo: storage.googleapis.com https://storage.googleapis.com/chartmuseum.jenkins-x.io
Successfully added Helm repository storage.googleapis.com.
Adding missing Helm repo: jenkins-x-chartmuseum http://jenkins-x-chartmuseum:8080
Successfully added Helm repository jenkins-x-chartmuseum.
WARNING: No $CHART_REPOSITORY defined so using the default value of: http://jenkins-x-chartmuseum:8080
Uploading chart file flask-**-sample-0.0.18.tgz to http://jenkins-x-chartmuseum:8080/api/charts
Received 201 response: {"saved":true}

Showing logs for build [32mtrietlu-flask-jx-sample-master-tfmcm-19[0m stage [32mfrom-build-pack[0m and container [32mstep-promote-jx-promote[0m
WARNING: prow based install so skip waiting for the merge of Pull Requests to go green as currently there is an issue with gettingstatuses from the PR, see https://github.com/jenkins-x/**/issues/2410
WARNING: No $CHART_REPOSITORY defined so using the default value of: http://jenkins-x-chartmuseum:8080
Promoting app flask-**-sample version 0.0.18 to namespace **-staging
WARNING: 
Created Pull Request: https://github.com/*******/environment-jenkinsx-staging/pull/18
Added label updatebot to Pull Request https://github.com/*******/environment-jenkinsx-staging/pull/18
got git provider status pending from PR https://github.com/*******/environment-jenkinsx-staging/pull/18
got git provider status pending from PR https://github.com/*******/environment-jenkinsx-staging/pull/18
got git provider status pending from PR https://github.com/*******/environment-jenkinsx-staging/pull/18
got git provider status pending from PR https://github.com/*******/environment-jenkinsx-staging/pull/18
Pull Request https://github.com/*******/environment-jenkinsx-staging/pull/18 is merged at sha 1b46dc2709199e18935fdeb72b3a7d2bdfea0be9
Pull Request merged but we are not waiting for the update pipeline to complete!
