
Showing logs for build [32mtrietlu-flask-jx-sample-master-p5qlf-23[0m stage [32mfrom-build-pack[0m and container [32mstep-credential-initializer-pcft4[0m
{"level":"warn","ts":1581969651.199048,"logger":"fallback-logger","caller":"logging/config.go:69","msg":"Fetch GitHub commit ID from kodata failed: \"ref: refs/heads/0.8.0-**-support-backwards-incompats\" is not a valid GitHub commit ID"}
{"level":"info","ts":1581969651.1993139,"logger":"fallback-logger","caller":"creds-init/main.go:40","msg":"Credentials initialized."}

Showing logs for build [32mtrietlu-flask-jx-sample-master-p5qlf-23[0m stage [32mfrom-build-pack[0m and container [32mstep-working-dir-initializer-pbppn[0m
{"level":"warn","ts":1581969651.4588568,"logger":"fallback-logger","caller":"logging/config.go:69","msg":"Fetch GitHub commit ID from kodata failed: open /var/run/ko/HEAD: no such file or directory"}
{"level":"info","ts":1581969651.4608092,"logger":"fallback-logger","caller":"bash/main.go:64","msg":"Successfully executed command \"sh -c mkdir -p /workspace/source\"; output "}

Showing logs for build [32mtrietlu-flask-jx-sample-master-p5qlf-23[0m stage [32mfrom-build-pack[0m and container [32mstep-place-tools[0m

Showing logs for build [32mtrietlu-flask-jx-sample-master-p5qlf-23[0m stage [32mfrom-build-pack[0m and container [32mstep-git-source-trietlu-flask-jx-sample-master-p5qlf-9ljwz[0m
{"level":"warn","ts":1581969656.482651,"logger":"fallback-logger","caller":"logging/config.go:69","msg":"Fetch GitHub commit ID from kodata failed: \"ref: refs/heads/0.8.0-**-support-backwards-incompats\" is not a valid GitHub commit ID"}
{"level":"info","ts":1581969656.7581468,"logger":"fallback-logger","caller":"git/git.go:103","msg":"Successfully cloned https://github.com/*******/flask-**-sample.git @ v0.0.22 in path /workspace/source"}

Showing logs for build [32mtrietlu-flask-jx-sample-master-p5qlf-23[0m stage [32mfrom-build-pack[0m and container [32mstep-git-merge[0m
Using SHAs from PULL_REFS=master:57e5ab989fb5a41afa9be220edc5986268257e4d
WARNING: no SHAs to merge, falling back to initial cloned commit

Showing logs for build [32mtrietlu-flask-jx-sample-master-p5qlf-23[0m stage [32mfrom-build-pack[0m and container [32mstep-setup-jx-git-credentials[0m
Generated Git credentials file /workspace/xdg_config/git/credentials

Showing logs for build [32mtrietlu-flask-jx-sample-master-p5qlf-23[0m stage [32mfrom-build-pack[0m and container [32mstep-build-python-unittest[0m

----------------------------------------------------------------------
Ran 0 tests in 0.001s

OK

Showing logs for build [32mtrietlu-flask-jx-sample-master-p5qlf-23[0m stage [32mfrom-build-pack[0m and container [32mstep-build-container-build[0m
[36mINFO[0m[0000] Downloading base image python:onbuild        
[36mINFO[0m[0000] Error while retrieving image from cache: getting file info: stat /workspace/sha256:43780a8431c53f4afd734ad795e03127c0c607337a60639c5903a51a03535c22: no such file or directory 
[36mINFO[0m[0000] Downloading base image python:onbuild        
[36mINFO[0m[0000] Executing 3 build triggers                   
[36mINFO[0m[0000] Using files from context: [/workspace/source/requirements.txt] 
[36mINFO[0m[0000] Checking for cached layer 251647719696.dkr.ecr.us-east-2.amazonaws.com/todo/cache:d59b97174bce710b82c453d1c61c69fabd876428b1d9b57a93fe29aaa79d6fc7... 
[36mINFO[0m[0000] No cached layer found for cmd RUN pip install --no-cache-dir -r requirements.txt 
[36mINFO[0m[0000] Unpacking rootfs as cmd RUN pip install --no-cache-dir -r requirements.txt requires it. 
[36mINFO[0m[0012] Taking snapshot of full filesystem...        
[36mINFO[0m[0017] Using files from context: [/workspace/source/requirements.txt] 
[36mINFO[0m[0017] COPY requirements.txt /usr/src/app/          
[36mINFO[0m[0017] Taking snapshot of files...                  
[36mINFO[0m[0017] RUN pip install --no-cache-dir -r requirements.txt 
[36mINFO[0m[0017] cmd: /bin/sh                                 
[36mINFO[0m[0017] args: [-c pip install --no-cache-dir -r requirements.txt] 
Collecting Flask (from -r requirements.txt (line 2))
  Downloading https://files.pythonhosted.org/packages/9b/93/628509b8d5dc749656a9641f4caf13540e2cdec85276964ff8f43bbb1d3b/Flask-1.1.1-py2.py3-none-any.whl (94kB)
Collecting Jinja2>=2.10.1 (from Flask->-r requirements.txt (line 2))
  Downloading https://files.pythonhosted.org/packages/27/24/4f35961e5c669e96f6559760042a55b9bcfcdb82b9bdb3c8753dbe042e35/Jinja2-2.11.1-py2.py3-none-any.whl (126kB)
Collecting Werkzeug>=0.15 (from Flask->-r requirements.txt (line 2))
  Downloading https://files.pythonhosted.org/packages/ba/a5/d6f8a6e71f15364d35678a4ec8a0186f980b3bd2545f40ad51dd26a87fb1/Werkzeug-1.0.0-py2.py3-none-any.whl (298kB)
Collecting itsdangerous>=0.24 (from Flask->-r requirements.txt (line 2))
  Downloading https://files.pythonhosted.org/packages/76/ae/44b03b253d6fade317f32c24d100b3b35c2239807046a4c953c7b89fa49e/itsdangerous-1.1.0-py2.py3-none-any.whl
Collecting click>=5.1 (from Flask->-r requirements.txt (line 2))
  Downloading https://files.pythonhosted.org/packages/fa/37/45185cb5abbc30d7257104c434fe0b07e5a195a6847506c074527aa599ec/Click-7.0-py2.py3-none-any.whl (81kB)
Collecting MarkupSafe>=0.23 (from Jinja2>=2.10.1->Flask->-r requirements.txt (line 2))
  Downloading https://files.pythonhosted.org/packages/b2/5f/23e0023be6bb885d00ffbefad2942bc51a620328ee910f64abe5a8d18dd1/MarkupSafe-1.1.1-cp36-cp36m-manylinux1_x86_64.whl
Installing collected packages: MarkupSafe, Jinja2, Werkzeug, itsdangerous, click, Flask
Successfully installed Flask-1.1.1 Jinja2-2.11.1 MarkupSafe-1.1.1 Werkzeug-1.0.0 click-7.0 itsdangerous-1.1.0
You are using pip version 10.0.1, however version 20.0.2 is available.
You should consider upgrading via the 'pip install --upgrade pip' command.
[36mINFO[0m[0019] Taking snapshot of full filesystem...        
[36mINFO[0m[0022] Pushing layer 251647719696.dkr.ecr.us-east-2.amazonaws.com/todo/cache:d59b97174bce710b82c453d1c61c69fabd876428b1d9b57a93fe29aaa79d6fc7 to cache now 
[36mINFO[0m[0022] Using files from context: [/workspace/source] 
[36mINFO[0m[0022] COPY . /usr/src/app                          
[36mINFO[0m[0022] Taking snapshot of files...                  
[36mINFO[0m[0022] Using files from context: [/workspace/source/requirements.txt] 
[36mINFO[0m[0022] COPY requirements.txt .                      
[36mINFO[0m[0022] Taking snapshot of files...                  
[36mINFO[0m[0022] Using files from context: [/workspace/source/butler.png] 
[36mINFO[0m[0022] COPY butler.png .                            
[36mINFO[0m[0022] Taking snapshot of files...                  
[36mINFO[0m[0022] Using files from context: [/workspace/source/xss.html] 
[36mINFO[0m[0022] COPY xss.html .                              
[36mINFO[0m[0022] Taking snapshot of files...                  
[36mINFO[0m[0022] Using files from context: [/workspace/source/flask_app.py] 
[36mINFO[0m[0022] COPY flask_app.py .                          
[36mINFO[0m[0022] Taking snapshot of files...                  
[36mINFO[0m[0022] ENV PORT 8080                                
[36mINFO[0m[0022] No files changed in this command, skipping snapshotting. 
[36mINFO[0m[0022] EXPOSE 8080                                  
[36mINFO[0m[0022] cmd: EXPOSE                                  
[36mINFO[0m[0022] Adding exposed port: 8080/tcp                
[36mINFO[0m[0022] No files changed in this command, skipping snapshotting. 
[36mINFO[0m[0022] ENTRYPOINT ["python"]                        
[36mINFO[0m[0022] No files changed in this command, skipping snapshotting. 
[36mINFO[0m[0022] CMD ["/usr/src/app/flask_app.py"]            
[36mINFO[0m[0022] No files changed in this command, skipping snapshotting. 
[33mWARN[0m[0022] error uploading layer to cache: failed to push to destination 251647719696.dkr.ecr.us-east-2.amazonaws.com/todo/cache:d59b97174bce710b82c453d1c61c69fabd876428b1d9b57a93fe29aaa79d6fc7: NAME_UNKNOWN: The repository with name 'todo/cache' does not exist in the registry with id '251647719696' 
2020/02/17 20:01:21 existing blob: sha256:1c7fe136a31e13a1c879245672184ced3b9fc590989ba42a522a57b071a9c1aa
2020/02/17 20:01:21 existing blob: sha256:ece825d3308bbf98f708d95475ccd880497a1e2979ff4ef2534d49049a18488f
2020/02/17 20:01:21 existing blob: sha256:f0db43b9b8da254cebc77bf871006df01219e195b9853616b9f708f124a00f3a
2020/02/17 20:01:21 existing blob: sha256:2d21c767035c4593de8bf7ad9781aa83ba110871d1a50871192f4e3480e6f11d
2020/02/17 20:01:21 existing blob: sha256:06854774e2f35e4763103a446112c67322913a6177bea69eb49663e0166e6d6d
2020/02/17 20:01:21 existing blob: sha256:e10b68fb77e6e91453cd4c1b02e2d77aa23a857cd8eb250617129d074478e1a5
2020/02/17 20:01:21 existing blob: sha256:e2c0fb34dff3a1d32346b92e53fb88a14d1987b402a2348cb379c039687fabe2
2020/02/17 20:01:21 existing blob: sha256:e96bc319bce0351d1157092352bc5f85f8800c745388e60e86d06dec99285b45
2020/02/17 20:01:21 existing blob: sha256:490280dbcfb772eb5731f059e38fcfacaeb75b4d005af7c249fd51926db2bd62
2020/02/17 20:01:21 pushed blob: sha256:bcd8b6df90c016229037db96808cf6d61c4d59c3f2349d37336a5c40db0a2fbb
2020/02/17 20:01:21 pushed blob: sha256:942c34c0e9b42162432a6aeeee4aa45b19dc2ecdaf377d15e2af046204343daf
2020/02/17 20:01:21 pushed blob: sha256:f642b14f99e9a05569b0e04095d0fc9a74cc7886d6b323c47ca2372cb3bea2e2
2020/02/17 20:01:21 pushed blob: sha256:3f94da8c893f6f3f83780d18e2a32d9330c4ceba88e5c07f1edc096b299b44e4
2020/02/17 20:01:21 pushed blob: sha256:1265fd08c9b6860721b2ec9f0491e25e42fe880159b2ec04cb08ce6e03a819d5
2020/02/17 20:01:21 pushed blob: sha256:0a7f0815ccc488bca50f10276e831710d3c3ff1d437e2cba2ab51d1594d554b3
2020/02/17 20:01:21 pushed blob: sha256:af3fd6b6d7e97ed6cdf3c7997f4582c82aedf8d7f630d87dca34d9301f8f2f2c
2020/02/17 20:01:22 pushed blob: sha256:5e586dcc2da076985aba2da657773e43626d2550b394320d4651479b064d11a8
2020/02/17 20:01:22 251647719696.dkr.ecr.us-east-2.amazonaws.com/*******/flask-**-sample:0.0.22: digest: sha256:8e10939722a9074c32dbd4939ecc75c294096ac2b85493cb4b18000bb2314493 size: 2867

Showing logs for build [32mtrietlu-flask-jx-sample-master-p5qlf-23[0m stage [32mfrom-build-pack[0m and container [32mstep-build-post-build[0m
no CVE provider running in the current ** namespace so skip adding image to be analysed

Showing logs for build [32mtrietlu-flask-jx-sample-master-p5qlf-23[0m stage [32mfrom-build-pack[0m and container [32mstep-promote-changelog[0m
Converted /workspace/source/charts/flask-**-sample to an unshallow repository
Generating change log from git ref 9923e6067711c1a82a55600124b138cdea1ed0b4 => d4bdd2ecfd6d13ff73709be09413410aafc9861e
WARNING: Failed to enrich commit 17a74a75e807f35b0bb7af3ab1a8b54ae827bc18 with issues: selected more than one user from users.jenkins.io: [******* x-0]
WARNING: Failed to enrich commit 17a74a75e807f35b0bb7af3ab1a8b54ae827bc18 with issues: selected more than one user from users.jenkins.io: [******* x-0]
Finding issues in commit messages using git format
WARNING: No release found for *******/flask-**-sample and tag v0.0.22 so creating a new release
Updated the release information at https://github.com/*******/flask-**-sample/releases/tag/v0.0.22
generated: /workspace/source/charts/flask-**-sample/templates/release.yaml
Created Release flask-**-sample-0-0-22 resource in namespace **
Updating PipelineActivity *******-flask-**-sample-master-23 with version 0.0.22
Updated PipelineActivities *******-flask-**-sample-master-23 with release notes URL: https://github.com/*******/flask-**-sample/releases/tag/v0.0.22

Showing logs for build [32mtrietlu-flask-jx-sample-master-p5qlf-23[0m stage [32mfrom-build-pack[0m and container [32mstep-promote-helm-release[0m
WARNING: No $CHART_REPOSITORY defined so using the default value of: http://jenkins-x-chartmuseum:8080
Adding missing Helm repo: storage.googleapis.com https://storage.googleapis.com/chartmuseum.jenkins-x.io
Successfully added Helm repository storage.googleapis.com.
Adding missing Helm repo: jenkins-x-chartmuseum http://jenkins-x-chartmuseum:8080
Successfully added Helm repository jenkins-x-chartmuseum.
WARNING: No $CHART_REPOSITORY defined so using the default value of: http://jenkins-x-chartmuseum:8080
Uploading chart file flask-**-sample-0.0.22.tgz to http://jenkins-x-chartmuseum:8080/api/charts
Received 201 response: {"saved":true}

Showing logs for build [32mtrietlu-flask-jx-sample-master-p5qlf-23[0m stage [32mfrom-build-pack[0m and container [32mstep-promote-jx-promote[0m
WARNING: prow based install so skip waiting for the merge of Pull Requests to go green as currently there is an issue with gettingstatuses from the PR, see https://github.com/jenkins-x/**/issues/2410
WARNING: No $CHART_REPOSITORY defined so using the default value of: http://jenkins-x-chartmuseum:8080
Promoting app flask-**-sample version 0.0.22 to namespace **-staging
WARNING: 
Created Pull Request: https://github.com/*******/environment-jenkinsx-staging/pull/22
Added label updatebot to Pull Request https://github.com/*******/environment-jenkinsx-staging/pull/22
got git provider status pending from PR https://github.com/*******/environment-jenkinsx-staging/pull/22
got git provider status pending from PR https://github.com/*******/environment-jenkinsx-staging/pull/22
got git provider status pending from PR https://github.com/*******/environment-jenkinsx-staging/pull/22
Pull Request https://github.com/*******/environment-jenkinsx-staging/pull/22 is merged at sha d1370c8fa40918d772983c069b289f0530ce7865
Pull Request merged but we are not waiting for the update pipeline to complete!
