
Showing logs for build [32mtrietlu-flask-jx-sample-master-4mqxf-27[0m stage [32mfrom-build-pack[0m and container [32mstep-credential-initializer-bbvn5[0m
{"level":"warn","ts":1583110913.806824,"logger":"fallback-logger","caller":"logging/config.go:69","msg":"Fetch GitHub commit ID from kodata failed: \"ref: refs/heads/0.8.0-**-support-backwards-incompats\" is not a valid GitHub commit ID"}
{"level":"info","ts":1583110913.8072917,"logger":"fallback-logger","caller":"creds-init/main.go:40","msg":"Credentials initialized."}

Showing logs for build [32mtrietlu-flask-jx-sample-master-4mqxf-27[0m stage [32mfrom-build-pack[0m and container [32mstep-working-dir-initializer-v77xg[0m
{"level":"warn","ts":1583110914.8081367,"logger":"fallback-logger","caller":"logging/config.go:69","msg":"Fetch GitHub commit ID from kodata failed: open /var/run/ko/HEAD: no such file or directory"}
{"level":"info","ts":1583110914.8116813,"logger":"fallback-logger","caller":"bash/main.go:64","msg":"Successfully executed command \"sh -c mkdir -p /workspace/source\"; output "}

Showing logs for build [32mtrietlu-flask-jx-sample-master-4mqxf-27[0m stage [32mfrom-build-pack[0m and container [32mstep-place-tools[0m

Showing logs for build [32mtrietlu-flask-jx-sample-master-4mqxf-27[0m stage [32mfrom-build-pack[0m and container [32mstep-git-source-trietlu-flask-jx-sample-master-4mqxf-7cmzb[0m
{"level":"warn","ts":1583110919.8781245,"logger":"fallback-logger","caller":"logging/config.go:69","msg":"Fetch GitHub commit ID from kodata failed: \"ref: refs/heads/0.8.0-**-support-backwards-incompats\" is not a valid GitHub commit ID"}
{"level":"info","ts":1583110920.1744158,"logger":"fallback-logger","caller":"git/git.go:103","msg":"Successfully cloned https://github.com/*******/flask-**-sample.git @ v0.0.26 in path /workspace/source"}

Showing logs for build [32mtrietlu-flask-jx-sample-master-4mqxf-27[0m stage [32mfrom-build-pack[0m and container [32mstep-git-merge[0m
Using SHAs from PULL_REFS=master:37e31530f3756854037894254c3d4bdb0829d3d9
WARNING: no SHAs to merge, falling back to initial cloned commit

Showing logs for build [32mtrietlu-flask-jx-sample-master-4mqxf-27[0m stage [32mfrom-build-pack[0m and container [32mstep-setup-jx-git-credentials[0m
Generated Git credentials file /workspace/xdg_config/git/credentials

Showing logs for build [32mtrietlu-flask-jx-sample-master-4mqxf-27[0m stage [32mfrom-build-pack[0m and container [32mstep-build-python-unittest[0m

----------------------------------------------------------------------
Ran 0 tests in 0.000s

OK

Showing logs for build [32mtrietlu-flask-jx-sample-master-4mqxf-27[0m stage [32mfrom-build-pack[0m and container [32mstep-build-container-build[0m
[36mINFO[0m[0000] Downloading base image python:onbuild        
[36mINFO[0m[0000] Error while retrieving image from cache: getting file info: stat /workspace/sha256:43780a8431c53f4afd734ad795e03127c0c607337a60639c5903a51a03535c22: no such file or directory 
[36mINFO[0m[0000] Downloading base image python:onbuild        
[36mINFO[0m[0000] Executing 3 build triggers                   
[36mINFO[0m[0000] Using files from context: [/workspace/source/requirements.txt] 
[36mINFO[0m[0000] Checking for cached layer 251647719696.dkr.ecr.us-east-2.amazonaws.com/todo/cache:d59b97174bce710b82c453d1c61c69fabd876428b1d9b57a93fe29aaa79d6fc7... 
[36mINFO[0m[0000] No cached layer found for cmd RUN pip install --no-cache-dir -r requirements.txt 
[36mINFO[0m[0000] Unpacking rootfs as cmd RUN pip install --no-cache-dir -r requirements.txt requires it. 
[36mINFO[0m[0013] Taking snapshot of full filesystem...        
[36mINFO[0m[0019] Using files from context: [/workspace/source/requirements.txt] 
[36mINFO[0m[0019] COPY requirements.txt /usr/src/app/          
[36mINFO[0m[0019] Taking snapshot of files...                  
[36mINFO[0m[0019] RUN pip install --no-cache-dir -r requirements.txt 
[36mINFO[0m[0019] cmd: /bin/sh                                 
[36mINFO[0m[0019] args: [-c pip install --no-cache-dir -r requirements.txt] 
Collecting Flask (from -r requirements.txt (line 2))
  Downloading https://files.pythonhosted.org/packages/9b/93/628509b8d5dc749656a9641f4caf13540e2cdec85276964ff8f43bbb1d3b/Flask-1.1.1-py2.py3-none-any.whl (94kB)
Collecting click>=5.1 (from Flask->-r requirements.txt (line 2))
  Downloading https://files.pythonhosted.org/packages/fa/37/45185cb5abbc30d7257104c434fe0b07e5a195a6847506c074527aa599ec/Click-7.0-py2.py3-none-any.whl (81kB)
Collecting Jinja2>=2.10.1 (from Flask->-r requirements.txt (line 2))
  Downloading https://files.pythonhosted.org/packages/27/24/4f35961e5c669e96f6559760042a55b9bcfcdb82b9bdb3c8753dbe042e35/Jinja2-2.11.1-py2.py3-none-any.whl (126kB)
Collecting Werkzeug>=0.15 (from Flask->-r requirements.txt (line 2))
  Downloading https://files.pythonhosted.org/packages/ba/a5/d6f8a6e71f15364d35678a4ec8a0186f980b3bd2545f40ad51dd26a87fb1/Werkzeug-1.0.0-py2.py3-none-any.whl (298kB)
Collecting itsdangerous>=0.24 (from Flask->-r requirements.txt (line 2))
  Downloading https://files.pythonhosted.org/packages/76/ae/44b03b253d6fade317f32c24d100b3b35c2239807046a4c953c7b89fa49e/itsdangerous-1.1.0-py2.py3-none-any.whl
Collecting MarkupSafe>=0.23 (from Jinja2>=2.10.1->Flask->-r requirements.txt (line 2))
  Downloading https://files.pythonhosted.org/packages/b2/5f/23e0023be6bb885d00ffbefad2942bc51a620328ee910f64abe5a8d18dd1/MarkupSafe-1.1.1-cp36-cp36m-manylinux1_x86_64.whl
Installing collected packages: click, MarkupSafe, Jinja2, Werkzeug, itsdangerous, Flask
Successfully installed Flask-1.1.1 Jinja2-2.11.1 MarkupSafe-1.1.1 Werkzeug-1.0.0 click-7.0 itsdangerous-1.1.0
You are using pip version 10.0.1, however version 20.0.2 is available.
You should consider upgrading via the 'pip install --upgrade pip' command.
[36mINFO[0m[0021] Taking snapshot of full filesystem...        
[36mINFO[0m[0024] Using files from context: [/workspace/source] 
[36mINFO[0m[0024] COPY . /usr/src/app                          
[36mINFO[0m[0024] Pushing layer 251647719696.dkr.ecr.us-east-2.amazonaws.com/todo/cache:d59b97174bce710b82c453d1c61c69fabd876428b1d9b57a93fe29aaa79d6fc7 to cache now 
[36mINFO[0m[0024] Taking snapshot of files...                  
[36mINFO[0m[0024] Using files from context: [/workspace/source/requirements.txt] 
[36mINFO[0m[0024] COPY requirements.txt .                      
[36mINFO[0m[0024] Taking snapshot of files...                  
[36mINFO[0m[0024] Using files from context: [/workspace/source/butler-1.png /workspace/source/butler.png /workspace/source/logo.png] 
[36mINFO[0m[0024] COPY *.png .                                 
[36mINFO[0m[0024] Taking snapshot of files...                  
[36mINFO[0m[0024] Using files from context: [/workspace/source/xss.html] 
[36mINFO[0m[0024] COPY xss.html .                              
[36mINFO[0m[0024] Taking snapshot of files...                  
[36mINFO[0m[0024] Using files from context: [/workspace/source/flask_app.py] 
[36mINFO[0m[0024] COPY flask_app.py .                          
[36mINFO[0m[0024] Taking snapshot of files...                  
[36mINFO[0m[0024] ENV PORT 8080                                
[36mINFO[0m[0024] No files changed in this command, skipping snapshotting. 
[36mINFO[0m[0024] EXPOSE 8080                                  
[36mINFO[0m[0024] cmd: EXPOSE                                  
[36mINFO[0m[0024] Adding exposed port: 8080/tcp                
[36mINFO[0m[0024] No files changed in this command, skipping snapshotting. 
[36mINFO[0m[0024] ENTRYPOINT ["python"]                        
[36mINFO[0m[0024] No files changed in this command, skipping snapshotting. 
[36mINFO[0m[0024] CMD ["/usr/src/app/flask_app.py"]            
[36mINFO[0m[0024] No files changed in this command, skipping snapshotting. 
[33mWARN[0m[0024] error uploading layer to cache: failed to push to destination 251647719696.dkr.ecr.us-east-2.amazonaws.com/todo/cache:d59b97174bce710b82c453d1c61c69fabd876428b1d9b57a93fe29aaa79d6fc7: NAME_UNKNOWN: The repository with name 'todo/cache' does not exist in the registry with id '251647719696' 
2020/03/02 01:02:27 existing blob: sha256:f0db43b9b8da254cebc77bf871006df01219e195b9853616b9f708f124a00f3a
2020/03/02 01:02:27 existing blob: sha256:e2c0fb34dff3a1d32346b92e53fb88a14d1987b402a2348cb379c039687fabe2
2020/03/02 01:02:27 existing blob: sha256:490280dbcfb772eb5731f059e38fcfacaeb75b4d005af7c249fd51926db2bd62
2020/03/02 01:02:27 existing blob: sha256:e10b68fb77e6e91453cd4c1b02e2d77aa23a857cd8eb250617129d074478e1a5
2020/03/02 01:02:27 existing blob: sha256:2d21c767035c4593de8bf7ad9781aa83ba110871d1a50871192f4e3480e6f11d
2020/03/02 01:02:27 existing blob: sha256:e96bc319bce0351d1157092352bc5f85f8800c745388e60e86d06dec99285b45
2020/03/02 01:02:27 existing blob: sha256:1c7fe136a31e13a1c879245672184ced3b9fc590989ba42a522a57b071a9c1aa
2020/03/02 01:02:27 existing blob: sha256:ece825d3308bbf98f708d95475ccd880497a1e2979ff4ef2534d49049a18488f
2020/03/02 01:02:27 existing blob: sha256:06854774e2f35e4763103a446112c67322913a6177bea69eb49663e0166e6d6d
2020/03/02 01:02:27 pushed blob: sha256:c6e977548c286a6f618de44dc40ad5f4e67c095edcbf7973affcb3192f54f494
2020/03/02 01:02:27 pushed blob: sha256:ab3944b3d2bd4d5bf6d150901a95a1797bdf1f6175d5878e37978e0395183284
2020/03/02 01:02:27 pushed blob: sha256:5132a07e273553d48ea3ed76a02fe90a158c15cfc4b181e1fd61ff2144c5bd69
2020/03/02 01:02:27 pushed blob: sha256:01e0f251d3a6006240b3e1dd0e774a4355c787f19d597d51323caa008adfe702
2020/03/02 01:02:27 pushed blob: sha256:89aa8a1db4bcc384a65c859e90ae2e2c016c1bcd6e4ee557f0bb9f4792cca03b
2020/03/02 01:02:27 pushed blob: sha256:d9e058b60b607fd887e49a53111baeb463544c38ccda609b16fbabd8e60caa11
2020/03/02 01:02:27 pushed blob: sha256:af1b51055f8e5dad79de69ab7547be1d19fbc3d47dc52b6635307dc8d35d8c01
2020/03/02 01:02:28 pushed blob: sha256:345c2407211bce2d70a6030b6af9998f53ac38721c6dab6e261265ad7f8bda53
2020/03/02 01:02:28 251647719696.dkr.ecr.us-east-2.amazonaws.com/*******/flask-**-sample:0.0.26: digest: sha256:9213f9ae775e270eff29e4e60b3619237f88206ee275194792fc895b103ef8bb size: 2868

Showing logs for build [32mtrietlu-flask-jx-sample-master-4mqxf-27[0m stage [32mfrom-build-pack[0m and container [32mstep-build-post-build[0m
no CVE provider running in the current ** namespace so skip adding image to be analysed

Showing logs for build [32mtrietlu-flask-jx-sample-master-4mqxf-27[0m stage [32mfrom-build-pack[0m and container [32mstep-promote-changelog[0m
Converted /workspace/source/charts/flask-**-sample to an unshallow repository
Generating change log from git ref 582890c0be183fe71aeec17240db64c322c136d0 => 26d185486cf389e396ac65f5edde64d28560188d
WARNING: Failed to enrich commit 398b4b777a324e471fcb31f5bed87c62c4a3cb2f with issues: selected more than one user from users.jenkins.io: [******* x-0]
WARNING: Failed to enrich commit 398b4b777a324e471fcb31f5bed87c62c4a3cb2f with issues: selected more than one user from users.jenkins.io: [******* x-0]
Finding issues in commit messages using git format
WARNING: Failed to enrich commit 65e0cfa7be95a2612836f54ab1c91e2832f03f57 with issues: selected more than one user from users.jenkins.io: [******* x-0]
WARNING: Failed to enrich commit 65e0cfa7be95a2612836f54ab1c91e2832f03f57 with issues: selected more than one user from users.jenkins.io: [******* x-0]
WARNING: Failed to enrich commit c1860b7c2583930b7b73225e3aff48e29427eda6 with issues: selected more than one user from users.jenkins.io: [******* x-0]
WARNING: Failed to enrich commit c1860b7c2583930b7b73225e3aff48e29427eda6 with issues: selected more than one user from users.jenkins.io: [******* x-0]
WARNING: Failed to enrich commit 0d5f24bf2fe2c1dc097f8e63260894606107f39f with issues: selected more than one user from users.jenkins.io: [******* x-0]
WARNING: Failed to enrich commit 0d5f24bf2fe2c1dc097f8e63260894606107f39f with issues: selected more than one user from users.jenkins.io: [******* x-0]
WARNING: No release found for *******/flask-**-sample and tag v0.0.26 so creating a new release
Updated the release information at https://github.com/*******/flask-**-sample/releases/tag/v0.0.26
generated: /workspace/source/charts/flask-**-sample/templates/release.yaml
Created Release flask-**-sample-0-0-26 resource in namespace **
Updating PipelineActivity *******-flask-**-sample-master-27 with version 0.0.26
Updated PipelineActivities *******-flask-**-sample-master-27 with release notes URL: https://github.com/*******/flask-**-sample/releases/tag/v0.0.26

Showing logs for build [32mtrietlu-flask-jx-sample-master-4mqxf-27[0m stage [32mfrom-build-pack[0m and container [32mstep-promote-helm-release[0m
WARNING: No $CHART_REPOSITORY defined so using the default value of: http://jenkins-x-chartmuseum:8080
Adding missing Helm repo: storage.googleapis.com https://storage.googleapis.com/chartmuseum.jenkins-x.io
Successfully added Helm repository storage.googleapis.com.
Adding missing Helm repo: jenkins-x-chartmuseum http://jenkins-x-chartmuseum:8080
Successfully added Helm repository jenkins-x-chartmuseum.
WARNING: No $CHART_REPOSITORY defined so using the default value of: http://jenkins-x-chartmuseum:8080
Uploading chart file flask-**-sample-0.0.26.tgz to http://jenkins-x-chartmuseum:8080/api/charts
Received 201 response: {"saved":true}

Showing logs for build [32mtrietlu-flask-jx-sample-master-4mqxf-27[0m stage [32mfrom-build-pack[0m and container [32mstep-promote-jx-promote[0m
WARNING: prow based install so skip waiting for the merge of Pull Requests to go green as currently there is an issue with gettingstatuses from the PR, see https://github.com/jenkins-x/**/issues/2410
WARNING: No $CHART_REPOSITORY defined so using the default value of: http://jenkins-x-chartmuseum:8080
Promoting app flask-**-sample version 0.0.26 to namespace **-staging
WARNING: 
Created Pull Request: https://github.com/*******/environment-jenkinsx-staging/pull/26
Added label updatebot to Pull Request https://github.com/*******/environment-jenkinsx-staging/pull/26
got git provider status pending from PR https://github.com/*******/environment-jenkinsx-staging/pull/26
got git provider status pending from PR https://github.com/*******/environment-jenkinsx-staging/pull/26
got git provider status pending from PR https://github.com/*******/environment-jenkinsx-staging/pull/26
Pull Request https://github.com/*******/environment-jenkinsx-staging/pull/26 is merged at sha f591f1461d1e2eeecab2c2b7a31bb6266f81be4c
Pull Request merged but we are not waiting for the update pipeline to complete!
