
Showing logs for build [32mtrietlu-flask-jx-sample-master-m8bp8-8[0m stage [32mfrom-build-pack[0m and container [32mstep-credential-initializer-s4tb4[0m
{"level":"warn","ts":1581595370.4470015,"logger":"fallback-logger","caller":"logging/config.go:69","msg":"Fetch GitHub commit ID from kodata failed: \"ref: refs/heads/0.8.0-**-support-backwards-incompats\" is not a valid GitHub commit ID"}
{"level":"info","ts":1581595370.447287,"logger":"fallback-logger","caller":"creds-init/main.go:40","msg":"Credentials initialized."}

Showing logs for build [32mtrietlu-flask-jx-sample-master-m8bp8-8[0m stage [32mfrom-build-pack[0m and container [32mstep-working-dir-initializer-4c8b8[0m
{"level":"warn","ts":1581595371.4269276,"logger":"fallback-logger","caller":"logging/config.go:69","msg":"Fetch GitHub commit ID from kodata failed: open /var/run/ko/HEAD: no such file or directory"}
{"level":"info","ts":1581595371.4293683,"logger":"fallback-logger","caller":"bash/main.go:64","msg":"Successfully executed command \"sh -c mkdir -p /workspace/source\"; output "}

Showing logs for build [32mtrietlu-flask-jx-sample-master-m8bp8-8[0m stage [32mfrom-build-pack[0m and container [32mstep-place-tools[0m

Showing logs for build [32mtrietlu-flask-jx-sample-master-m8bp8-8[0m stage [32mfrom-build-pack[0m and container [32mstep-git-source-trietlu-flask-jx-sample-master-m8bp8-q8hpb[0m
{"level":"warn","ts":1581595376.4742503,"logger":"fallback-logger","caller":"logging/config.go:69","msg":"Fetch GitHub commit ID from kodata failed: \"ref: refs/heads/0.8.0-**-support-backwards-incompats\" is not a valid GitHub commit ID"}
{"level":"info","ts":1581595376.746735,"logger":"fallback-logger","caller":"git/git.go:103","msg":"Successfully cloned https://github.com/*******/flask-**-sample.git @ v0.0.8 in path /workspace/source"}

Showing logs for build [32mtrietlu-flask-jx-sample-master-m8bp8-8[0m stage [32mfrom-build-pack[0m and container [32mstep-git-merge[0m
Using SHAs from PULL_REFS=master:04d800d917db4f5ee9c6e5b5603340a4fb0650d7
WARNING: no SHAs to merge, falling back to initial cloned commit

Showing logs for build [32mtrietlu-flask-jx-sample-master-m8bp8-8[0m stage [32mfrom-build-pack[0m and container [32mstep-setup-jx-git-credentials[0m
Generated Git credentials file /workspace/xdg_config/git/credentials

Showing logs for build [32mtrietlu-flask-jx-sample-master-m8bp8-8[0m stage [32mfrom-build-pack[0m and container [32mstep-build-python-unittest[0m

----------------------------------------------------------------------
Ran 0 tests in 0.000s

OK

Showing logs for build [32mtrietlu-flask-jx-sample-master-m8bp8-8[0m stage [32mfrom-build-pack[0m and container [32mstep-build-container-build[0m
[36mINFO[0m[0000] Downloading base image python:onbuild        
[36mINFO[0m[0000] Error while retrieving image from cache: getting file info: stat /workspace/sha256:43780a8431c53f4afd734ad795e03127c0c607337a60639c5903a51a03535c22: no such file or directory 
[36mINFO[0m[0000] Downloading base image python:onbuild        
[36mINFO[0m[0000] Executing 3 build triggers                   
[36mINFO[0m[0000] Using files from context: [/workspace/source/requirements.txt] 
[36mINFO[0m[0000] Checking for cached layer 251647719696.dkr.ecr.us-east-2.amazonaws.com/todo/cache:d59b97174bce710b82c453d1c61c69fabd876428b1d9b57a93fe29aaa79d6fc7... 
[36mINFO[0m[0000] No cached layer found for cmd RUN pip install --no-cache-dir -r requirements.txt 
[36mINFO[0m[0000] Unpacking rootfs as cmd RUN pip install --no-cache-dir -r requirements.txt requires it. 
[36mINFO[0m[0012] Taking snapshot of full filesystem...        
[36mINFO[0m[0019] Using files from context: [/workspace/source/requirements.txt] 
[36mINFO[0m[0019] COPY requirements.txt /usr/src/app/          
[36mINFO[0m[0019] Taking snapshot of files...                  
[36mINFO[0m[0019] RUN pip install --no-cache-dir -r requirements.txt 
[36mINFO[0m[0019] cmd: /bin/sh                                 
[36mINFO[0m[0019] args: [-c pip install --no-cache-dir -r requirements.txt] 
Collecting Flask (from -r requirements.txt (line 2))
  Downloading https://files.pythonhosted.org/packages/9b/93/628509b8d5dc749656a9641f4caf13540e2cdec85276964ff8f43bbb1d3b/Flask-1.1.1-py2.py3-none-any.whl (94kB)
Collecting Jinja2>=2.10.1 (from Flask->-r requirements.txt (line 2))
  Downloading https://files.pythonhosted.org/packages/27/24/4f35961e5c669e96f6559760042a55b9bcfcdb82b9bdb3c8753dbe042e35/Jinja2-2.11.1-py2.py3-none-any.whl (126kB)
Collecting click>=5.1 (from Flask->-r requirements.txt (line 2))
  Downloading https://files.pythonhosted.org/packages/fa/37/45185cb5abbc30d7257104c434fe0b07e5a195a6847506c074527aa599ec/Click-7.0-py2.py3-none-any.whl (81kB)
Collecting Werkzeug>=0.15 (from Flask->-r requirements.txt (line 2))
  Downloading https://files.pythonhosted.org/packages/ba/a5/d6f8a6e71f15364d35678a4ec8a0186f980b3bd2545f40ad51dd26a87fb1/Werkzeug-1.0.0-py2.py3-none-any.whl (298kB)
Collecting itsdangerous>=0.24 (from Flask->-r requirements.txt (line 2))
  Downloading https://files.pythonhosted.org/packages/76/ae/44b03b253d6fade317f32c24d100b3b35c2239807046a4c953c7b89fa49e/itsdangerous-1.1.0-py2.py3-none-any.whl
Collecting MarkupSafe>=0.23 (from Jinja2>=2.10.1->Flask->-r requirements.txt (line 2))
  Downloading https://files.pythonhosted.org/packages/b2/5f/23e0023be6bb885d00ffbefad2942bc51a620328ee910f64abe5a8d18dd1/MarkupSafe-1.1.1-cp36-cp36m-manylinux1_x86_64.whl
Installing collected packages: MarkupSafe, Jinja2, click, Werkzeug, itsdangerous, Flask
Successfully installed Flask-1.1.1 Jinja2-2.11.1 MarkupSafe-1.1.1 Werkzeug-1.0.0 click-7.0 itsdangerous-1.1.0
You are using pip version 10.0.1, however version 20.0.2 is available.
You should consider upgrading via the 'pip install --upgrade pip' command.
[36mINFO[0m[0021] Taking snapshot of full filesystem...        
[36mINFO[0m[0024] Using files from context: [/workspace/source] 
[36mINFO[0m[0024] COPY . /usr/src/app                          
[36mINFO[0m[0024] Pushing layer 251647719696.dkr.ecr.us-east-2.amazonaws.com/todo/cache:d59b97174bce710b82c453d1c61c69fabd876428b1d9b57a93fe29aaa79d6fc7 to cache now 
[36mINFO[0m[0024] Taking snapshot of files...                  
[36mINFO[0m[0024] Using files from context: [/workspace/source/requirements.txt] 
[36mINFO[0m[0024] COPY requirements.txt .                      
[36mINFO[0m[0024] Taking snapshot of files...                  
[36mINFO[0m[0024] Using files from context: [/workspace/source/butler.png] 
[36mINFO[0m[0024] COPY butler.png .                            
[36mINFO[0m[0024] Taking snapshot of files...                  
[36mINFO[0m[0024] Using files from context: [/workspace/source/xss.html] 
[36mINFO[0m[0024] COPY xss.html .                              
[36mINFO[0m[0024] Taking snapshot of files...                  
[36mINFO[0m[0024] Using files from context: [/workspace/source/flask_app.py] 
[36mINFO[0m[0024] COPY flask_app.py .                          
[36mINFO[0m[0024] Taking snapshot of files...                  
[36mINFO[0m[0024] ENV PORT 8080                                
[36mINFO[0m[0024] No files changed in this command, skipping snapshotting. 
[36mINFO[0m[0024] EXPOSE 8080                                  
[36mINFO[0m[0024] cmd: EXPOSE                                  
[36mINFO[0m[0024] Adding exposed port: 8080/tcp                
[36mINFO[0m[0024] No files changed in this command, skipping snapshotting. 
[36mINFO[0m[0024] ENTRYPOINT ["python"]                        
[36mINFO[0m[0024] No files changed in this command, skipping snapshotting. 
[36mINFO[0m[0024] CMD ["/usr/src/app/flask_app.py"]            
[36mINFO[0m[0024] No files changed in this command, skipping snapshotting. 
[33mWARN[0m[0024] error uploading layer to cache: failed to push to destination 251647719696.dkr.ecr.us-east-2.amazonaws.com/todo/cache:d59b97174bce710b82c453d1c61c69fabd876428b1d9b57a93fe29aaa79d6fc7: NAME_UNKNOWN: The repository with name 'todo/cache' does not exist in the registry with id '251647719696' 
2020/02/13 12:03:22 existing blob: sha256:2d21c767035c4593de8bf7ad9781aa83ba110871d1a50871192f4e3480e6f11d
2020/02/13 12:03:22 existing blob: sha256:ece825d3308bbf98f708d95475ccd880497a1e2979ff4ef2534d49049a18488f
2020/02/13 12:03:22 existing blob: sha256:e96bc319bce0351d1157092352bc5f85f8800c745388e60e86d06dec99285b45
2020/02/13 12:03:22 existing blob: sha256:e2c0fb34dff3a1d32346b92e53fb88a14d1987b402a2348cb379c039687fabe2
2020/02/13 12:03:22 existing blob: sha256:1c7fe136a31e13a1c879245672184ced3b9fc590989ba42a522a57b071a9c1aa
2020/02/13 12:03:22 existing blob: sha256:e10b68fb77e6e91453cd4c1b02e2d77aa23a857cd8eb250617129d074478e1a5
2020/02/13 12:03:22 existing blob: sha256:490280dbcfb772eb5731f059e38fcfacaeb75b4d005af7c249fd51926db2bd62
2020/02/13 12:03:22 pushed blob: sha256:b8ea86b3f9de1d7e969b6e2893896501cd462af7fa7b1c583e02080fed120b13
2020/02/13 12:03:22 pushed blob: sha256:7442644008b808e225003453982bbc9cb8f18b1ddeac9b93dd770b3e145c8fa7
2020/02/13 12:03:22 pushed blob: sha256:14975000db8bb9ca6d29bf6a410c61c316321a9e8f96426f450b896acfae9228
2020/02/13 12:03:22 pushed blob: sha256:bc61c9d373286af4ac2c1dc9743d951adc113904c4377520b7155bb18a586592
2020/02/13 12:03:22 pushed blob: sha256:c54598816d29bd974d92fb98b436c2258cbab7b58bab922b3908de57ef84ba39
2020/02/13 12:03:22 pushed blob: sha256:b66e07d3f265e93158c61a571a48d8b47fba80c93e19a934ed98788aa2e7d77c
2020/02/13 12:03:22 pushed blob: sha256:3d838f42c36c7a5a4df06602b80a72cc2047c02171bfd3e52e4a17c40687e349
2020/02/13 12:03:23 existing blob: sha256:f0db43b9b8da254cebc77bf871006df01219e195b9853616b9f708f124a00f3a
2020/02/13 12:03:23 existing blob: sha256:06854774e2f35e4763103a446112c67322913a6177bea69eb49663e0166e6d6d
2020/02/13 12:03:23 pushed blob: sha256:9f26eaf0aeb54c1ee1f15d2d3a20b3e7389f36daba32950ba4232ca57a815295
2020/02/13 12:03:23 251647719696.dkr.ecr.us-east-2.amazonaws.com/*******/flask-**-sample:0.0.8: digest: sha256:b18d33334416df13b52658d77171e05e5321f033c4cf5407dc0aeabbc28e89be size: 2867

Showing logs for build [32mtrietlu-flask-jx-sample-master-m8bp8-8[0m stage [32mfrom-build-pack[0m and container [32mstep-build-post-build[0m
no CVE provider running in the current ** namespace so skip adding image to be analysed

Showing logs for build [32mtrietlu-flask-jx-sample-master-m8bp8-8[0m stage [32mfrom-build-pack[0m and container [32mstep-promote-changelog[0m
Converted /workspace/source/charts/flask-**-sample to an unshallow repository
Generating change log from git ref f50f57e812e4d02a5de3b8e0f26359a7a29d5b69 => fc24e3e8f1c86635cb71136da4a0f42a12e991a2
WARNING: Failed to enrich commit aa440e6d7e96e7599103c48e4b78f6f1f3d3d83d with issues: selected more than one user from users.jenkins.io: [******* x-0]
WARNING: Failed to enrich commit aa440e6d7e96e7599103c48e4b78f6f1f3d3d83d with issues: selected more than one user from users.jenkins.io: [******* x-0]
Finding issues in commit messages using git format
WARNING: Failed to enrich commit ab22f0304e01b1189e2a8f8f80210f92956f032d with issues: selected more than one user from users.jenkins.io: [******* x-0]
WARNING: Failed to enrich commit ab22f0304e01b1189e2a8f8f80210f92956f032d with issues: selected more than one user from users.jenkins.io: [******* x-0]
WARNING: Failed to enrich commit b39a967a76d929ef46f8665f1521de7f5c5567f2 with issues: selected more than one user from users.jenkins.io: [******* x-0]
WARNING: Failed to enrich commit b39a967a76d929ef46f8665f1521de7f5c5567f2 with issues: selected more than one user from users.jenkins.io: [******* x-0]
WARNING: Failed to enrich commit 3cfb25b536a7ab6ab9f5b8b91c2ab647d8b74c00 with issues: selected more than one user from users.jenkins.io: [******* x-0]
WARNING: Failed to enrich commit 3cfb25b536a7ab6ab9f5b8b91c2ab647d8b74c00 with issues: selected more than one user from users.jenkins.io: [******* x-0]
WARNING: Failed to enrich commit f3d766b90d3f39f4a38c910df37f0a10682b3f87 with issues: selected more than one user from users.jenkins.io: [******* x-0]
WARNING: Failed to enrich commit f3d766b90d3f39f4a38c910df37f0a10682b3f87 with issues: selected more than one user from users.jenkins.io: [******* x-0]
WARNING: Failed to enrich commit 2193f947951f8868a0737f6db2edf295aafadaa7 with issues: selected more than one user from users.jenkins.io: [******* x-0]
WARNING: Failed to enrich commit 2193f947951f8868a0737f6db2edf295aafadaa7 with issues: selected more than one user from users.jenkins.io: [******* x-0]
WARNING: Failed to enrich commit 9f86e3fb4809285a6c6952cd289a64b00d75b147 with issues: selected more than one user from users.jenkins.io: [******* x-0]
WARNING: Failed to enrich commit 9f86e3fb4809285a6c6952cd289a64b00d75b147 with issues: selected more than one user from users.jenkins.io: [******* x-0]
WARNING: Failed to enrich commit 8fd8b6e4bfe40c2df3c332d3baadabc4ff530299 with issues: selected more than one user from users.jenkins.io: [******* x-0]
WARNING: Failed to enrich commit 8fd8b6e4bfe40c2df3c332d3baadabc4ff530299 with issues: selected more than one user from users.jenkins.io: [******* x-0]
WARNING: Failed to enrich commit e10faf72192400c0a511df4e211cc24e9eae75aa with issues: selected more than one user from users.jenkins.io: [******* x-0]
WARNING: Failed to enrich commit e10faf72192400c0a511df4e211cc24e9eae75aa with issues: selected more than one user from users.jenkins.io: [******* x-0]
WARNING: Failed to enrich commit 0a8f2bd451ed3b289a021cc76b103d4efb0605d9 with issues: selected more than one user from users.jenkins.io: [******* x-0]
WARNING: Failed to enrich commit 0a8f2bd451ed3b289a021cc76b103d4efb0605d9 with issues: selected more than one user from users.jenkins.io: [******* x-0]
WARNING: No release found for *******/flask-**-sample and tag v0.0.8 so creating a new release
Updated the release information at https://github.com/*******/flask-**-sample/releases/tag/v0.0.8
generated: /workspace/source/charts/flask-**-sample/templates/release.yaml
Created Release flask-**-sample-0-0-8 resource in namespace **
Updating PipelineActivity *******-flask-**-sample-master-8 with version 0.0.8
Updated PipelineActivities *******-flask-**-sample-master-8 with release notes URL: https://github.com/*******/flask-**-sample/releases/tag/v0.0.8

Showing logs for build [32mtrietlu-flask-jx-sample-master-m8bp8-8[0m stage [32mfrom-build-pack[0m and container [32mstep-promote-helm-release[0m
WARNING: No $CHART_REPOSITORY defined so using the default value of: http://jenkins-x-chartmuseum:8080
Adding missing Helm repo: storage.googleapis.com https://storage.googleapis.com/chartmuseum.jenkins-x.io
Successfully added Helm repository storage.googleapis.com.
Adding missing Helm repo: jenkins-x-chartmuseum http://jenkins-x-chartmuseum:8080
Successfully added Helm repository jenkins-x-chartmuseum.
WARNING: No $CHART_REPOSITORY defined so using the default value of: http://jenkins-x-chartmuseum:8080
Uploading chart file flask-**-sample-0.0.8.tgz to http://jenkins-x-chartmuseum:8080/api/charts
Received 201 response: {"saved":true}

Showing logs for build [32mtrietlu-flask-jx-sample-master-m8bp8-8[0m stage [32mfrom-build-pack[0m and container [32mstep-promote-jx-promote[0m
WARNING: prow based install so skip waiting for the merge of Pull Requests to go green as currently there is an issue with gettingstatuses from the PR, see https://github.com/jenkins-x/**/issues/2410
WARNING: No $CHART_REPOSITORY defined so using the default value of: http://jenkins-x-chartmuseum:8080
Promoting app flask-**-sample version 0.0.8 to namespace **-staging
WARNING: 
Created Pull Request: https://github.com/*******/environment-jenkinsx-staging/pull/8
Added label updatebot to Pull Request https://github.com/*******/environment-jenkinsx-staging/pull/8
got git provider status pending from PR https://github.com/*******/environment-jenkinsx-staging/pull/8
got git provider status pending from PR https://github.com/*******/environment-jenkinsx-staging/pull/8
got git provider status pending from PR https://github.com/*******/environment-jenkinsx-staging/pull/8
got git provider status pending from PR https://github.com/*******/environment-jenkinsx-staging/pull/8
Pull Request https://github.com/*******/environment-jenkinsx-staging/pull/8 is merged at sha b424c93c21cdce89cdf615bd43429770a19e2933
Pull Request merged but we are not waiting for the update pipeline to complete!
