
Showing logs for build [32mmeta-trietlu-flask-jx-sample-pr-klp96-1[0m stage [32mmeta-pipeline[0m and container [32mstep-credential-initializer-m5f77[0m
{"level":"warn","ts":1581450102.3481545,"logger":"fallback-logger","caller":"logging/config.go:69","msg":"Fetch GitHub commit ID from kodata failed: \"ref: refs/heads/0.8.0-**-support-backwards-incompats\" is not a valid GitHub commit ID"}
{"level":"info","ts":1581450102.348398,"logger":"fallback-logger","caller":"creds-init/main.go:40","msg":"Credentials initialized."}

Showing logs for build [32mmeta-trietlu-flask-jx-sample-pr-klp96-1[0m stage [32mmeta-pipeline[0m and container [32mstep-working-dir-initializer-kz2kx[0m
{"level":"warn","ts":1581450102.6255238,"logger":"fallback-logger","caller":"logging/config.go:69","msg":"Fetch GitHub commit ID from kodata failed: open /var/run/ko/HEAD: no such file or directory"}
{"level":"info","ts":1581450102.626723,"logger":"fallback-logger","caller":"bash/main.go:64","msg":"Successfully executed command \"sh -c mkdir -p /workspace/source\"; output "}

Showing logs for build [32mmeta-trietlu-flask-jx-sample-pr-klp96-1[0m stage [32mmeta-pipeline[0m and container [32mstep-place-tools[0m

Showing logs for build [32mmeta-trietlu-flask-jx-sample-pr-klp96-1[0m stage [32mmeta-pipeline[0m and container [32mstep-git-source-meta-trietlu-flask-jx-sample-pr-klp96-l7prm[0m
{"level":"warn","ts":1581450106.7065346,"logger":"fallback-logger","caller":"logging/config.go:69","msg":"Fetch GitHub commit ID from kodata failed: \"ref: refs/heads/0.8.0-**-support-backwards-incompats\" is not a valid GitHub commit ID"}
{"level":"info","ts":1581450107.0064862,"logger":"fallback-logger","caller":"git/git.go:103","msg":"Successfully cloned https://github.com/*******/flask-**-sample.git @ 19ffb344a6bfc5b2eeff56f98816e8e780f8037e in path /workspace/source"}

Showing logs for build [32mmeta-trietlu-flask-jx-sample-pr-klp96-1[0m stage [32mmeta-pipeline[0m and container [32mstep-git-merge[0m
Using SHAs from PULL_REFS=master:19ffb344a6bfc5b2eeff56f98816e8e780f8037e,3:c149dec645b559072d9716c61669a6ddbb426e93
DEBUG: JX_LOG_LEVEL=error LC_ALL=C git fetch origin --unshallow c149dec645b559072d9716c61669a6ddbb426e93: 19ffb344a6bfc5b2eeff56f98816e8e780f8037e:
DEBUG: ran git fetch --unshallow origin c149dec645b559072d9716c61669a6ddbb426e93: 19ffb344a6bfc5b2eeff56f98816e8e780f8037e: in 
DEBUG: LC_ALL=C JX_LOG_LEVEL=error git branch
DEBUG: LC_ALL=C JX_LOG_LEVEL=error git checkout master
DEBUG: ran git checkout master in 
DEBUG: LC_ALL=C JX_LOG_LEVEL=error git reset --hard 19ffb344a6bfc5b2eeff56f98816e8e780f8037e
DEBUG: ran git reset --hard 19ffb344a6bfc5b2eeff56f98816e8e780f8037e in 
DEBUG: LC_ALL=C JX_LOG_LEVEL=error git clean -fd .
DEBUG: ran clean --force -d . in 
DEBUG: LC_ALL=C JX_LOG_LEVEL=error git merge c149dec645b559072d9716c61669a6ddbb426e93
DEBUG: ran git merge c149dec645b559072d9716c61669a6ddbb426e93 in 
DEBUG: JX_LOG_LEVEL=error LC_ALL=C git log --format=%H%x1f%an%x1f%ae%x1f%cn%x1f%ce%x1f%s%n%b%x1e 19ffb344a6bfc5b2eeff56f98816e8e780f8037e..HEAD
Merged SHA 9e9cd6c200aa341a23ca205e9212ffb71fb49644 with commit message 'Merge commit 'c149dec645b559072d9716c61669a6ddbb426e93'' into base branch master
Merged SHA c149dec645b559072d9716c61669a6ddbb426e93 with commit message 'debugging ...' into base branch master

Showing logs for build [32mmeta-trietlu-flask-jx-sample-pr-klp96-1[0m stage [32mmeta-pipeline[0m and container [32mstep-merge-pull-refs[0m
DEBUG: LC_ALL=C JX_LOG_LEVEL=error git fetch origin --unshallow c149dec645b559072d9716c61669a6ddbb426e93: 19ffb344a6bfc5b2eeff56f98816e8e780f8037e:
DEBUG: LC_ALL=C JX_LOG_LEVEL=error git fetch origin c149dec645b559072d9716c61669a6ddbb426e93: 19ffb344a6bfc5b2eeff56f98816e8e780f8037e:
DEBUG: ran git fetch origin c149dec645b559072d9716c61669a6ddbb426e93: 19ffb344a6bfc5b2eeff56f98816e8e780f8037e: in 
DEBUG: LC_ALL=C JX_LOG_LEVEL=error git rev-parse --is-shallow-repository
DEBUG: Unshallowed git repo in 
DEBUG: LC_ALL=C JX_LOG_LEVEL=error git branch
DEBUG: LC_ALL=C JX_LOG_LEVEL=error git checkout master
DEBUG: ran git checkout master in 
DEBUG: JX_LOG_LEVEL=error LC_ALL=C git reset --hard 19ffb344a6bfc5b2eeff56f98816e8e780f8037e
DEBUG: ran git reset --hard 19ffb344a6bfc5b2eeff56f98816e8e780f8037e in 
DEBUG: LC_ALL=C JX_LOG_LEVEL=error git clean -fd .
DEBUG: ran clean --force -d . in 
DEBUG: LC_ALL=C JX_LOG_LEVEL=error git merge c149dec645b559072d9716c61669a6ddbb426e93
DEBUG: ran git merge c149dec645b559072d9716c61669a6ddbb426e93 in 
DEBUG: LC_ALL=C JX_LOG_LEVEL=error git log --format=%H%x1f%an%x1f%ae%x1f%cn%x1f%ce%x1f%s%n%b%x1e 19ffb344a6bfc5b2eeff56f98816e8e780f8037e..HEAD
Merged SHA 230c91646624d2a181de6df7de2ad7430246a436 with commit message 'Merge commit 'c149dec645b559072d9716c61669a6ddbb426e93'' into base branch master
Merged SHA c149dec645b559072d9716c61669a6ddbb426e93 with commit message 'debugging ...' into base branch master

Showing logs for build [32mmeta-trietlu-flask-jx-sample-pr-klp96-1[0m stage [32mmeta-pipeline[0m and container [32mstep-create-effective-pipeline[0m
Cloning the Jenkins X versions repo https://github.com/jenkins-x/jenkins-x-versions.git with ref refs/heads/master to /builder/home/.**/jenkins-x-versions
error: failed to load project config in dir /workspace/source: Validation failures in YAML file /workspace/source/jenkins-x.yml:
pipelineConfig.pipelines.release.promote: Additional property postSteps is not allowed
[31m
Pipeline failed on stage 'meta-pipeline' : container 'step-create-effective-pipeline'. The execution of the pipeline has stopped.[0m

Showing logs for build [32mmeta-trietlu-flask-jx-sample-pr-klp96-1[0m stage [32mmeta-pipeline[0m and container [32mstep-credential-initializer-m5f77[0m
{"level":"warn","ts":1581450102.3481545,"logger":"fallback-logger","caller":"logging/config.go:69","msg":"Fetch GitHub commit ID from kodata failed: \"ref: refs/heads/0.8.0-**-support-backwards-incompats\" is not a valid GitHub commit ID"}
{"level":"info","ts":1581450102.348398,"logger":"fallback-logger","caller":"creds-init/main.go:40","msg":"Credentials initialized."}

Showing logs for build [32mmeta-trietlu-flask-jx-sample-pr-klp96-1[0m stage [32mmeta-pipeline[0m and container [32mstep-working-dir-initializer-kz2kx[0m
{"level":"warn","ts":1581450102.6255238,"logger":"fallback-logger","caller":"logging/config.go:69","msg":"Fetch GitHub commit ID from kodata failed: open /var/run/ko/HEAD: no such file or directory"}
{"level":"info","ts":1581450102.626723,"logger":"fallback-logger","caller":"bash/main.go:64","msg":"Successfully executed command \"sh -c mkdir -p /workspace/source\"; output "}

Showing logs for build [32mmeta-trietlu-flask-jx-sample-pr-klp96-1[0m stage [32mmeta-pipeline[0m and container [32mstep-place-tools[0m

Showing logs for build [32mmeta-trietlu-flask-jx-sample-pr-klp96-1[0m stage [32mmeta-pipeline[0m and container [32mstep-git-source-meta-trietlu-flask-jx-sample-pr-klp96-l7prm[0m
{"level":"warn","ts":1581450106.7065346,"logger":"fallback-logger","caller":"logging/config.go:69","msg":"Fetch GitHub commit ID from kodata failed: \"ref: refs/heads/0.8.0-**-support-backwards-incompats\" is not a valid GitHub commit ID"}
{"level":"info","ts":1581450107.0064862,"logger":"fallback-logger","caller":"git/git.go:103","msg":"Successfully cloned https://github.com/*******/flask-**-sample.git @ 19ffb344a6bfc5b2eeff56f98816e8e780f8037e in path /workspace/source"}

Showing logs for build [32mmeta-trietlu-flask-jx-sample-pr-klp96-1[0m stage [32mmeta-pipeline[0m and container [32mstep-git-merge[0m
Using SHAs from PULL_REFS=master:19ffb344a6bfc5b2eeff56f98816e8e780f8037e,3:c149dec645b559072d9716c61669a6ddbb426e93
DEBUG: JX_LOG_LEVEL=error LC_ALL=C git fetch origin --unshallow c149dec645b559072d9716c61669a6ddbb426e93: 19ffb344a6bfc5b2eeff56f98816e8e780f8037e:
DEBUG: ran git fetch --unshallow origin c149dec645b559072d9716c61669a6ddbb426e93: 19ffb344a6bfc5b2eeff56f98816e8e780f8037e: in 
DEBUG: LC_ALL=C JX_LOG_LEVEL=error git branch
DEBUG: LC_ALL=C JX_LOG_LEVEL=error git checkout master
DEBUG: ran git checkout master in 
DEBUG: LC_ALL=C JX_LOG_LEVEL=error git reset --hard 19ffb344a6bfc5b2eeff56f98816e8e780f8037e
DEBUG: ran git reset --hard 19ffb344a6bfc5b2eeff56f98816e8e780f8037e in 
DEBUG: LC_ALL=C JX_LOG_LEVEL=error git clean -fd .
DEBUG: ran clean --force -d . in 
DEBUG: LC_ALL=C JX_LOG_LEVEL=error git merge c149dec645b559072d9716c61669a6ddbb426e93
DEBUG: ran git merge c149dec645b559072d9716c61669a6ddbb426e93 in 
DEBUG: JX_LOG_LEVEL=error LC_ALL=C git log --format=%H%x1f%an%x1f%ae%x1f%cn%x1f%ce%x1f%s%n%b%x1e 19ffb344a6bfc5b2eeff56f98816e8e780f8037e..HEAD
Merged SHA 9e9cd6c200aa341a23ca205e9212ffb71fb49644 with commit message 'Merge commit 'c149dec645b559072d9716c61669a6ddbb426e93'' into base branch master
Merged SHA c149dec645b559072d9716c61669a6ddbb426e93 with commit message 'debugging ...' into base branch master

Showing logs for build [32mmeta-trietlu-flask-jx-sample-pr-klp96-1[0m stage [32mmeta-pipeline[0m and container [32mstep-merge-pull-refs[0m
DEBUG: LC_ALL=C JX_LOG_LEVEL=error git fetch origin --unshallow c149dec645b559072d9716c61669a6ddbb426e93: 19ffb344a6bfc5b2eeff56f98816e8e780f8037e:
DEBUG: LC_ALL=C JX_LOG_LEVEL=error git fetch origin c149dec645b559072d9716c61669a6ddbb426e93: 19ffb344a6bfc5b2eeff56f98816e8e780f8037e:
DEBUG: ran git fetch origin c149dec645b559072d9716c61669a6ddbb426e93: 19ffb344a6bfc5b2eeff56f98816e8e780f8037e: in 
DEBUG: LC_ALL=C JX_LOG_LEVEL=error git rev-parse --is-shallow-repository
DEBUG: Unshallowed git repo in 
DEBUG: LC_ALL=C JX_LOG_LEVEL=error git branch
DEBUG: LC_ALL=C JX_LOG_LEVEL=error git checkout master
DEBUG: ran git checkout master in 
DEBUG: JX_LOG_LEVEL=error LC_ALL=C git reset --hard 19ffb344a6bfc5b2eeff56f98816e8e780f8037e
DEBUG: ran git reset --hard 19ffb344a6bfc5b2eeff56f98816e8e780f8037e in 
DEBUG: LC_ALL=C JX_LOG_LEVEL=error git clean -fd .
DEBUG: ran clean --force -d . in 
DEBUG: LC_ALL=C JX_LOG_LEVEL=error git merge c149dec645b559072d9716c61669a6ddbb426e93
DEBUG: ran git merge c149dec645b559072d9716c61669a6ddbb426e93 in 
DEBUG: LC_ALL=C JX_LOG_LEVEL=error git log --format=%H%x1f%an%x1f%ae%x1f%cn%x1f%ce%x1f%s%n%b%x1e 19ffb344a6bfc5b2eeff56f98816e8e780f8037e..HEAD
Merged SHA 230c91646624d2a181de6df7de2ad7430246a436 with commit message 'Merge commit 'c149dec645b559072d9716c61669a6ddbb426e93'' into base branch master
Merged SHA c149dec645b559072d9716c61669a6ddbb426e93 with commit message 'debugging ...' into base branch master

Showing logs for build [32mmeta-trietlu-flask-jx-sample-pr-klp96-1[0m stage [32mmeta-pipeline[0m and container [32mstep-create-effective-pipeline[0m
Cloning the Jenkins X versions repo https://github.com/jenkins-x/jenkins-x-versions.git with ref refs/heads/master to /builder/home/.**/jenkins-x-versions
error: failed to load project config in dir /workspace/source: Validation failures in YAML file /workspace/source/jenkins-x.yml:
pipelineConfig.pipelines.release.promote: Additional property postSteps is not allowed
[31m
Pipeline failed on stage 'meta-pipeline' : container 'step-create-effective-pipeline'. The execution of the pipeline has stopped.[0m
