
Showing logs for build [32mtrietlu-flask-jx-sample-pr-1-se-cp6bt-3[0m stage [32mfrom-build-pack[0m and container [32mstep-credential-initializer-5252z[0m
{"level":"warn","ts":1581427026.198436,"logger":"fallback-logger","caller":"logging/config.go:69","msg":"Fetch GitHub commit ID from kodata failed: \"ref: refs/heads/0.8.0-**-support-backwards-incompats\" is not a valid GitHub commit ID"}
{"level":"info","ts":1581427026.1987586,"logger":"fallback-logger","caller":"creds-init/main.go:40","msg":"Credentials initialized."}

Showing logs for build [32mtrietlu-flask-jx-sample-pr-1-se-cp6bt-3[0m stage [32mfrom-build-pack[0m and container [32mstep-working-dir-initializer-hs7zg[0m
{"level":"warn","ts":1581427026.8214574,"logger":"fallback-logger","caller":"logging/config.go:69","msg":"Fetch GitHub commit ID from kodata failed: open /var/run/ko/HEAD: no such file or directory"}
{"level":"info","ts":1581427026.8238018,"logger":"fallback-logger","caller":"bash/main.go:64","msg":"Successfully executed command \"sh -c mkdir -p /workspace/source\"; output "}

Showing logs for build [32mtrietlu-flask-jx-sample-pr-1-se-cp6bt-3[0m stage [32mfrom-build-pack[0m and container [32mstep-place-tools[0m

Showing logs for build [32mtrietlu-flask-jx-sample-pr-1-se-cp6bt-3[0m stage [32mfrom-build-pack[0m and container [32mstep-git-source-trietlu-flask-jx-sample-pr-1-se-cp6bt-65rz6[0m
{"level":"warn","ts":1581427032.8927655,"logger":"fallback-logger","caller":"logging/config.go:69","msg":"Fetch GitHub commit ID from kodata failed: \"ref: refs/heads/0.8.0-**-support-backwards-incompats\" is not a valid GitHub commit ID"}
{"level":"info","ts":1581427033.1703951,"logger":"fallback-logger","caller":"git/git.go:103","msg":"Successfully cloned https://github.com/*******/flask-**-sample.git @ master in path /workspace/source"}

Showing logs for build [32mtrietlu-flask-jx-sample-pr-1-se-cp6bt-3[0m stage [32mfrom-build-pack[0m and container [32mstep-git-merge[0m
Using SHAs from PULL_REFS=master:b9b9ac51cd783f52694ca9ae26a1b672fd89e885,1:715c37037b2f4a28cd847a0fca2cba23654acf05
DEBUG: JX_LOG_LEVEL=error LC_ALL=C git fetch origin --unshallow 715c37037b2f4a28cd847a0fca2cba23654acf05: b9b9ac51cd783f52694ca9ae26a1b672fd89e885:
DEBUG: ran git fetch --unshallow origin 715c37037b2f4a28cd847a0fca2cba23654acf05: b9b9ac51cd783f52694ca9ae26a1b672fd89e885: in 
DEBUG: LC_ALL=C JX_LOG_LEVEL=error git branch
DEBUG: LC_ALL=C JX_LOG_LEVEL=error git checkout master
DEBUG: ran git checkout master in 
DEBUG: JX_LOG_LEVEL=error LC_ALL=C git reset --hard b9b9ac51cd783f52694ca9ae26a1b672fd89e885
DEBUG: ran git reset --hard b9b9ac51cd783f52694ca9ae26a1b672fd89e885 in 
DEBUG: LC_ALL=C JX_LOG_LEVEL=error git clean -fd .
DEBUG: ran clean --force -d . in 
DEBUG: LC_ALL=C JX_LOG_LEVEL=error git merge 715c37037b2f4a28cd847a0fca2cba23654acf05
DEBUG: ran git merge 715c37037b2f4a28cd847a0fca2cba23654acf05 in 
DEBUG: LC_ALL=C JX_LOG_LEVEL=error git log --format=%H%x1f%an%x1f%ae%x1f%cn%x1f%ce%x1f%s%n%b%x1e b9b9ac51cd783f52694ca9ae26a1b672fd89e885..HEAD
Merged SHA 715c37037b2f4a28cd847a0fca2cba23654acf05 with commit message 'testing ...' into base branch master
Merged SHA 0536030e7a4a75ca1e5799752969236ff073e8b5 with commit message 'testing ...' into base branch master
Merged SHA 43bdbea2a946ac808fe12fb89b14e905bdd95799 with commit message 'initial checkin' into base branch master

Showing logs for build [32mtrietlu-flask-jx-sample-pr-1-se-cp6bt-3[0m stage [32mfrom-build-pack[0m and container [32mstep-build-code-scan[0m
WARNING: Running pip install with root privileges is generally not a good idea. Try `pip3 install --user` instead.
Collecting python-taint
  Downloading https://files.pythonhosted.org/packages/5c/79/5b70d3299cb7dea63e2b015651c5c7507d723911ff2837e104ebd7079491/python_taint-0.42-py3-none-any.whl (52kB)
Installing collected packages: python-taint
Successfully installed python-taint-0.42
No vulnerabilities found.

Showing logs for build [32mtrietlu-flask-jx-sample-pr-1-se-cp6bt-3[0m stage [32mfrom-build-pack[0m and container [32mstep-build-python-unittest[0m

----------------------------------------------------------------------
Ran 0 tests in 0.000s

OK

Showing logs for build [32mtrietlu-flask-jx-sample-pr-1-se-cp6bt-3[0m stage [32mfrom-build-pack[0m and container [32mstep-build-container-build[0m
[36mINFO[0m[0000] Downloading base image python:onbuild        
[36mINFO[0m[0000] Error while retrieving image from cache: getting file info: stat /workspace/sha256:43780a8431c53f4afd734ad795e03127c0c607337a60639c5903a51a03535c22: no such file or directory 
[36mINFO[0m[0000] Downloading base image python:onbuild        
[36mINFO[0m[0000] Executing 3 build triggers                   
[36mINFO[0m[0000] Using files from context: [/workspace/source/requirements.txt] 
[36mINFO[0m[0000] Checking for cached layer 251647719696.dkr.ecr.us-east-2.amazonaws.com/todo/cache:d59b97174bce710b82c453d1c61c69fabd876428b1d9b57a93fe29aaa79d6fc7... 
[36mINFO[0m[0001] No cached layer found for cmd RUN pip install --no-cache-dir -r requirements.txt 
[36mINFO[0m[0001] Unpacking rootfs as cmd RUN pip install --no-cache-dir -r requirements.txt requires it. 
[36mINFO[0m[0013] Taking snapshot of full filesystem...        
[36mINFO[0m[0020] Using files from context: [/workspace/source/requirements.txt] 
[36mINFO[0m[0020] COPY requirements.txt /usr/src/app/          
[36mINFO[0m[0020] Taking snapshot of files...                  
[36mINFO[0m[0020] RUN pip install --no-cache-dir -r requirements.txt 
[36mINFO[0m[0020] cmd: /bin/sh                                 
[36mINFO[0m[0020] args: [-c pip install --no-cache-dir -r requirements.txt] 
Collecting Flask (from -r requirements.txt (line 2))
  Downloading https://files.pythonhosted.org/packages/9b/93/628509b8d5dc749656a9641f4caf13540e2cdec85276964ff8f43bbb1d3b/Flask-1.1.1-py2.py3-none-any.whl (94kB)
Collecting Jinja2>=2.10.1 (from Flask->-r requirements.txt (line 2))
  Downloading https://files.pythonhosted.org/packages/27/24/4f35961e5c669e96f6559760042a55b9bcfcdb82b9bdb3c8753dbe042e35/Jinja2-2.11.1-py2.py3-none-any.whl (126kB)
Collecting click>=5.1 (from Flask->-r requirements.txt (line 2))
  Downloading https://files.pythonhosted.org/packages/fa/37/45185cb5abbc30d7257104c434fe0b07e5a195a6847506c074527aa599ec/Click-7.0-py2.py3-none-any.whl (81kB)
Collecting itsdangerous>=0.24 (from Flask->-r requirements.txt (line 2))
  Downloading https://files.pythonhosted.org/packages/76/ae/44b03b253d6fade317f32c24d100b3b35c2239807046a4c953c7b89fa49e/itsdangerous-1.1.0-py2.py3-none-any.whl
Collecting Werkzeug>=0.15 (from Flask->-r requirements.txt (line 2))
  Downloading https://files.pythonhosted.org/packages/ba/a5/d6f8a6e71f15364d35678a4ec8a0186f980b3bd2545f40ad51dd26a87fb1/Werkzeug-1.0.0-py2.py3-none-any.whl (298kB)
Collecting MarkupSafe>=0.23 (from Jinja2>=2.10.1->Flask->-r requirements.txt (line 2))
  Downloading https://files.pythonhosted.org/packages/b2/5f/23e0023be6bb885d00ffbefad2942bc51a620328ee910f64abe5a8d18dd1/MarkupSafe-1.1.1-cp36-cp36m-manylinux1_x86_64.whl
Installing collected packages: MarkupSafe, Jinja2, click, itsdangerous, Werkzeug, Flask
Successfully installed Flask-1.1.1 Jinja2-2.11.1 MarkupSafe-1.1.1 Werkzeug-1.0.0 click-7.0 itsdangerous-1.1.0
You are using pip version 10.0.1, however version 20.0.2 is available.
You should consider upgrading via the 'pip install --upgrade pip' command.
[36mINFO[0m[0022] Taking snapshot of full filesystem...        
[36mINFO[0m[0025] Pushing layer 251647719696.dkr.ecr.us-east-2.amazonaws.com/todo/cache:d59b97174bce710b82c453d1c61c69fabd876428b1d9b57a93fe29aaa79d6fc7 to cache now 
[36mINFO[0m[0025] Using files from context: [/workspace/source] 
[36mINFO[0m[0025] COPY . /usr/src/app                          
[36mINFO[0m[0025] Taking snapshot of files...                  
[36mINFO[0m[0025] Using files from context: [/workspace/source/requirements.txt] 
[36mINFO[0m[0025] COPY requirements.txt .                      
[36mINFO[0m[0025] Taking snapshot of files...                  
[36mINFO[0m[0025] Using files from context: [/workspace/source/butler.png] 
[36mINFO[0m[0025] COPY butler.png .                            
[36mINFO[0m[0025] Taking snapshot of files...                  
[36mINFO[0m[0025] Using files from context: [/workspace/source/xss.html] 
[36mINFO[0m[0025] COPY xss.html .                              
[36mINFO[0m[0025] Taking snapshot of files...                  
[36mINFO[0m[0025] Using files from context: [/workspace/source/flask_app.py] 
[36mINFO[0m[0025] COPY flask_app.py .                          
[36mINFO[0m[0025] Taking snapshot of files...                  
[36mINFO[0m[0025] ENV PORT 8080                                
[36mINFO[0m[0025] No files changed in this command, skipping snapshotting. 
[36mINFO[0m[0025] EXPOSE 8080                                  
[36mINFO[0m[0025] cmd: EXPOSE                                  
[36mINFO[0m[0025] Adding exposed port: 8080/tcp                
[36mINFO[0m[0025] No files changed in this command, skipping snapshotting. 
[36mINFO[0m[0025] ENTRYPOINT ["python"]                        
[36mINFO[0m[0025] No files changed in this command, skipping snapshotting. 
[36mINFO[0m[0025] CMD ["/usr/src/app/flask_app.py"]            
[36mINFO[0m[0025] No files changed in this command, skipping snapshotting. 
[33mWARN[0m[0025] error uploading layer to cache: failed to push to destination 251647719696.dkr.ecr.us-east-2.amazonaws.com/todo/cache:d59b97174bce710b82c453d1c61c69fabd876428b1d9b57a93fe29aaa79d6fc7: NAME_UNKNOWN: The repository with name 'todo/cache' does not exist in the registry with id '251647719696' 
2020/02/11 13:17:42 existing blob: sha256:f0db43b9b8da254cebc77bf871006df01219e195b9853616b9f708f124a00f3a
2020/02/11 13:17:42 existing blob: sha256:e10b68fb77e6e91453cd4c1b02e2d77aa23a857cd8eb250617129d074478e1a5
2020/02/11 13:17:42 existing blob: sha256:1c7fe136a31e13a1c879245672184ced3b9fc590989ba42a522a57b071a9c1aa
2020/02/11 13:17:42 existing blob: sha256:06854774e2f35e4763103a446112c67322913a6177bea69eb49663e0166e6d6d
2020/02/11 13:17:42 existing blob: sha256:ece825d3308bbf98f708d95475ccd880497a1e2979ff4ef2534d49049a18488f
2020/02/11 13:17:42 existing blob: sha256:e2c0fb34dff3a1d32346b92e53fb88a14d1987b402a2348cb379c039687fabe2
2020/02/11 13:17:42 existing blob: sha256:490280dbcfb772eb5731f059e38fcfacaeb75b4d005af7c249fd51926db2bd62
2020/02/11 13:17:42 existing blob: sha256:e96bc319bce0351d1157092352bc5f85f8800c745388e60e86d06dec99285b45
2020/02/11 13:17:42 existing blob: sha256:2d21c767035c4593de8bf7ad9781aa83ba110871d1a50871192f4e3480e6f11d
2020/02/11 13:17:42 pushed blob: sha256:0d19f4cd4933bfa75b5c2d0a39685f23952772148cf882ca5e31cb737df30581
2020/02/11 13:17:42 pushed blob: sha256:41ad37e4838a89238e5b2b5241c1bafc79d751c66767e43adefb72c1db9eddad
2020/02/11 13:17:42 pushed blob: sha256:913523c0742428bff23639f9b4584bb2c1dc3da3016c55cda2085cd34797483c
2020/02/11 13:17:42 pushed blob: sha256:3fae0e0516343bbe4a860f15baa891e753d1a092ae36a13d6e1f49739e7379de
2020/02/11 13:17:42 pushed blob: sha256:8bda70a3d15cea1613952de8c9d3b5f1c218cf952bf182ab8cfe1fb57de033b4
2020/02/11 13:17:42 pushed blob: sha256:fe62695486007137e9f531a1ff9f63cf51ca2762f96f9bdd2806d704608155ea
2020/02/11 13:17:42 pushed blob: sha256:5bd62f08089a6364a664d61a1dc0ee523f566839c5c1f09ad66d1f36363e628a
2020/02/11 13:17:43 pushed blob: sha256:5f09393c1735ea84e966eea9eb3e88c64d56209f13f9cb0b640967268a6397c2
2020/02/11 13:17:43 251647719696.dkr.ecr.us-east-2.amazonaws.com/*******/flask-**-sample:0.0.0-SNAPSHOT-PR-1-3: digest: sha256:20d0db2128d01654852f2c70ea07e8ad27c57d0b853342b4a9ba8ee4e9f3b521 size: 2867

Showing logs for build [32mtrietlu-flask-jx-sample-pr-1-se-cp6bt-3[0m stage [32mfrom-build-pack[0m and container [32mstep-postbuild-post-build[0m
no CVE provider running in the current ** namespace so skip adding image to be analysed

Showing logs for build [32mtrietlu-flask-jx-sample-pr-1-se-cp6bt-3[0m stage [32mfrom-build-pack[0m and container [32mstep-promote-make-preview[0m
sed -i -e "s/version:.*/version: 0.0.0-SNAPSHOT-PR-1-3/" Chart.yaml
sed -i -e "s/version:.*/version: 0.0.0-SNAPSHOT-PR-1-3/" ../*/Chart.yaml
sed -i -e "s|repository:.*|repository: 251647719696.dkr.ecr.us-east-2.amazonaws.com\/*******\/flask-**-sample|" values.yaml
sed -i -e "s/tag:.*/tag: 0.0.0-SNAPSHOT-PR-1-3/" values.yaml
echo "  version: 0.0.0-SNAPSHOT-PR-1-3" >> requirements.yaml
** step helm build
WARNING: No $CHART_REPOSITORY defined so using the default value of: http://jenkins-x-chartmuseum:8080
Adding missing Helm repo: storage.googleapis.com https://storage.googleapis.com/chartmuseum.jenkins-x.io
Successfully added Helm repository storage.googleapis.com.
Adding missing Helm repo: jenkins-x-chartmuseum http://jenkins-x-chartmuseum:8080
Successfully added Helm repository jenkins-x-chartmuseum.
WARNING: No $CHART_REPOSITORY defined so using the default value of: http://jenkins-x-chartmuseum:8080
Adding missing Helm repo: chartmuseum.jenkins-x.io http://chartmuseum.jenkins-x.io
Successfully added Helm repository chartmuseum.jenkins-x.io.

Showing logs for build [32mtrietlu-flask-jx-sample-pr-1-se-cp6bt-3[0m stage [32mfrom-build-pack[0m and container [32mstep-promote-jx-preview[0m
Creating a preview
expose:
  Annotations:
    helm.sh/hook: post-install,post-upgrade
    helm.sh/hook-delete-policy: hook-succeeded
  config:
    domain: jenkinsx.*******.people.a2z.com
    exposer: Ingress
    http: "true"
preview:
  image:
    repository: 251647719696.dkr.ecr.us-east-2.amazonaws.com/*******/flask-**-sample
    tag: 0.0.0-SNAPSHOT-PR-1-3
Cloning the Jenkins X versions repo https://github.com/jenkins-x/jenkins-x-versions.git with ref refs/heads/master to /builder/home/.**/jenkins-x-versions

Updating PipelineActivities *******-flask-**-sample-pr-1-3 which has status Running
Preview application is now available at: http://flask-**-sample.**-*******-flask-**-sample-pr-1.jenkinsx.*******.people.a2z.com
