
Showing logs for build [32mtrietlu-flask-jx-sample-pr-21-s-fsq6z-1[0m stage [32mfrom-build-pack[0m and container [32mstep-credential-initializer-dkh6s[0m
{"level":"warn","ts":1582030894.3780773,"logger":"fallback-logger","caller":"logging/config.go:69","msg":"Fetch GitHub commit ID from kodata failed: \"ref: refs/heads/0.8.0-**-support-backwards-incompats\" is not a valid GitHub commit ID"}
{"level":"info","ts":1582030894.3783448,"logger":"fallback-logger","caller":"creds-init/main.go:40","msg":"Credentials initialized."}

Showing logs for build [32mtrietlu-flask-jx-sample-pr-21-s-fsq6z-1[0m stage [32mfrom-build-pack[0m and container [32mstep-working-dir-initializer-pzqxd[0m
{"level":"warn","ts":1582030895.3426208,"logger":"fallback-logger","caller":"logging/config.go:69","msg":"Fetch GitHub commit ID from kodata failed: open /var/run/ko/HEAD: no such file or directory"}
{"level":"info","ts":1582030895.3466265,"logger":"fallback-logger","caller":"bash/main.go:64","msg":"Successfully executed command \"sh -c mkdir -p /workspace/source\"; output "}

Showing logs for build [32mtrietlu-flask-jx-sample-pr-21-s-fsq6z-1[0m stage [32mfrom-build-pack[0m and container [32mstep-place-tools[0m

Showing logs for build [32mtrietlu-flask-jx-sample-pr-21-s-fsq6z-1[0m stage [32mfrom-build-pack[0m and container [32mstep-git-source-trietlu-flask-jx-sample-pr-21-s-fsq6z-gjvg2[0m
{"level":"warn","ts":1582030905.3839629,"logger":"fallback-logger","caller":"logging/config.go:69","msg":"Fetch GitHub commit ID from kodata failed: \"ref: refs/heads/0.8.0-**-support-backwards-incompats\" is not a valid GitHub commit ID"}
{"level":"info","ts":1582030905.672965,"logger":"fallback-logger","caller":"git/git.go:103","msg":"Successfully cloned https://github.com/*******/flask-**-sample.git @ master in path /workspace/source"}

Showing logs for build [32mtrietlu-flask-jx-sample-pr-21-s-fsq6z-1[0m stage [32mfrom-build-pack[0m and container [32mstep-git-merge[0m
Using SHAs from PULL_REFS=master:2533887ac89669280b48298cf648a26f11612e9a,21:268e492e3e4bb01d4efd2d64ed39fc3402bccdfb
DEBUG: JX_LOG_LEVEL=error LC_ALL=C git fetch origin --unshallow 268e492e3e4bb01d4efd2d64ed39fc3402bccdfb: 2533887ac89669280b48298cf648a26f11612e9a:
DEBUG: ran git fetch --unshallow origin 268e492e3e4bb01d4efd2d64ed39fc3402bccdfb: 2533887ac89669280b48298cf648a26f11612e9a: in 
DEBUG: LC_ALL=C JX_LOG_LEVEL=error git branch
DEBUG: LC_ALL=C JX_LOG_LEVEL=error git checkout master
DEBUG: ran git checkout master in 
DEBUG: LC_ALL=C JX_LOG_LEVEL=error git reset --hard 2533887ac89669280b48298cf648a26f11612e9a
DEBUG: ran git reset --hard 2533887ac89669280b48298cf648a26f11612e9a in 
DEBUG: LC_ALL=C JX_LOG_LEVEL=error git clean -fd .
DEBUG: ran clean --force -d . in 
DEBUG: LC_ALL=C JX_LOG_LEVEL=error git merge 268e492e3e4bb01d4efd2d64ed39fc3402bccdfb
DEBUG: ran git merge 268e492e3e4bb01d4efd2d64ed39fc3402bccdfb in 
DEBUG: LC_ALL=C JX_LOG_LEVEL=error git log --format=%H%x1f%an%x1f%ae%x1f%cn%x1f%ce%x1f%s%n%b%x1e 2533887ac89669280b48298cf648a26f11612e9a..HEAD
Merged SHA 268e492e3e4bb01d4efd2d64ed39fc3402bccdfb with commit message 'Update flask_app.py' into base branch master
Merged SHA e8fb3b539e605bc94f683278c2cbd1c9cac445c0 with commit message 'Update flask_app.py' into base branch master
Merged SHA bc01e9f6e223fd18f20ff0e63d717275d5a4316e with commit message 'Update jenkins-x.yml' into base branch master

Showing logs for build [32mtrietlu-flask-jx-sample-pr-21-s-fsq6z-1[0m stage [32mfrom-build-pack[0m and container [32mstep-build-code-scan[0m
WARNING: Running pip install with root privileges is generally not a good idea. Try `pip3 install --user` instead.
Collecting python-taint
  Downloading https://files.pythonhosted.org/packages/5c/79/5b70d3299cb7dea63e2b015651c5c7507d723911ff2837e104ebd7079491/python_taint-0.42-py3-none-any.whl (52kB)
Installing collected packages: python-taint
Successfully installed python-taint-0.42
1 vulnerability found:
Vulnerability 1:
File: flask_app.py
 > User input at line 17, source "request.args.get(":
	 ~call_1 = ret_request.args.get('param', 'not set')
Reassigned in:
	File: flask_app.py
	 > Line 17: param = ~call_1
File: flask_app.py
 > reaches line 22, sink "replace(":
	~call_5 = ret_html.replace('{{ param }}', param)

[31m
Pipeline failed on stage 'from-build-pack' : container 'step-build-code-scan'. The execution of the pipeline has stopped.[0m
