
Showing logs for build [32mmeta-trietlu-flask-jx-sample-pr-bfsxw-1[0m stage [32mmeta-pipeline[0m and container [32mstep-credential-initializer-stgc8[0m
{"level":"warn","ts":1581446371.3171594,"logger":"fallback-logger","caller":"logging/config.go:69","msg":"Fetch GitHub commit ID from kodata failed: \"ref: refs/heads/0.8.0-**-support-backwards-incompats\" is not a valid GitHub commit ID"}
{"level":"info","ts":1581446371.3176126,"logger":"fallback-logger","caller":"creds-init/main.go:40","msg":"Credentials initialized."}

Showing logs for build [32mmeta-trietlu-flask-jx-sample-pr-bfsxw-1[0m stage [32mmeta-pipeline[0m and container [32mstep-working-dir-initializer-jw9tk[0m
{"level":"warn","ts":1581446371.6600432,"logger":"fallback-logger","caller":"logging/config.go:69","msg":"Fetch GitHub commit ID from kodata failed: open /var/run/ko/HEAD: no such file or directory"}
{"level":"info","ts":1581446371.6617568,"logger":"fallback-logger","caller":"bash/main.go:64","msg":"Successfully executed command \"sh -c mkdir -p /workspace/source\"; output "}

Showing logs for build [32mmeta-trietlu-flask-jx-sample-pr-bfsxw-1[0m stage [32mmeta-pipeline[0m and container [32mstep-place-tools[0m

Showing logs for build [32mmeta-trietlu-flask-jx-sample-pr-bfsxw-1[0m stage [32mmeta-pipeline[0m and container [32mstep-git-source-meta-trietlu-flask-jx-sample-pr-bfsxw-4j8p5[0m
{"level":"warn","ts":1581446375.7107966,"logger":"fallback-logger","caller":"logging/config.go:69","msg":"Fetch GitHub commit ID from kodata failed: \"ref: refs/heads/0.8.0-**-support-backwards-incompats\" is not a valid GitHub commit ID"}
{"level":"info","ts":1581446376.114601,"logger":"fallback-logger","caller":"git/git.go:103","msg":"Successfully cloned https://github.com/*******/flask-**-sample.git @ 5113b82e5e46d7508e7cab97cee654f5041b316b in path /workspace/source"}

Showing logs for build [32mmeta-trietlu-flask-jx-sample-pr-bfsxw-1[0m stage [32mmeta-pipeline[0m and container [32mstep-git-merge[0m
Using SHAs from PULL_REFS=master:5113b82e5e46d7508e7cab97cee654f5041b316b,2:cd0a5c5979a4534d57ea4d809f579b63b5a99fae
DEBUG: LC_ALL=C JX_LOG_LEVEL=error git fetch origin --unshallow cd0a5c5979a4534d57ea4d809f579b63b5a99fae: 5113b82e5e46d7508e7cab97cee654f5041b316b:
DEBUG: ran git fetch --unshallow origin cd0a5c5979a4534d57ea4d809f579b63b5a99fae: 5113b82e5e46d7508e7cab97cee654f5041b316b: in 
DEBUG: LC_ALL=C JX_LOG_LEVEL=error git branch
DEBUG: LC_ALL=C JX_LOG_LEVEL=error git checkout master
DEBUG: ran git checkout master in 
DEBUG: LC_ALL=C JX_LOG_LEVEL=error git reset --hard 5113b82e5e46d7508e7cab97cee654f5041b316b
DEBUG: ran git reset --hard 5113b82e5e46d7508e7cab97cee654f5041b316b in 
DEBUG: LC_ALL=C JX_LOG_LEVEL=error git clean -fd .
DEBUG: ran clean --force -d . in 
DEBUG: LC_ALL=C JX_LOG_LEVEL=error git merge cd0a5c5979a4534d57ea4d809f579b63b5a99fae
DEBUG: ran git merge cd0a5c5979a4534d57ea4d809f579b63b5a99fae in 
DEBUG: LC_ALL=C JX_LOG_LEVEL=error git log --format=%H%x1f%an%x1f%ae%x1f%cn%x1f%ce%x1f%s%n%b%x1e 5113b82e5e46d7508e7cab97cee654f5041b316b..HEAD
Merged SHA 94968ae19ba96986392af9500ae9198458f5d9f3 with commit message 'Merge commit 'cd0a5c5979a4534d57ea4d809f579b63b5a99fae'' into base branch master
Merged SHA cd0a5c5979a4534d57ea4d809f579b63b5a99fae with commit message 'debugging ...' into base branch master

Showing logs for build [32mmeta-trietlu-flask-jx-sample-pr-bfsxw-1[0m stage [32mmeta-pipeline[0m and container [32mstep-merge-pull-refs[0m
DEBUG: LC_ALL=C JX_LOG_LEVEL=error git fetch origin --unshallow cd0a5c5979a4534d57ea4d809f579b63b5a99fae: 5113b82e5e46d7508e7cab97cee654f5041b316b:
DEBUG: LC_ALL=C JX_LOG_LEVEL=error git fetch origin cd0a5c5979a4534d57ea4d809f579b63b5a99fae: 5113b82e5e46d7508e7cab97cee654f5041b316b:
DEBUG: ran git fetch origin cd0a5c5979a4534d57ea4d809f579b63b5a99fae: 5113b82e5e46d7508e7cab97cee654f5041b316b: in 
DEBUG: LC_ALL=C JX_LOG_LEVEL=error git rev-parse --is-shallow-repository
DEBUG: Unshallowed git repo in 
DEBUG: LC_ALL=C JX_LOG_LEVEL=error git branch
DEBUG: LC_ALL=C JX_LOG_LEVEL=error git checkout master
DEBUG: ran git checkout master in 
DEBUG: LC_ALL=C JX_LOG_LEVEL=error git reset --hard 5113b82e5e46d7508e7cab97cee654f5041b316b
DEBUG: ran git reset --hard 5113b82e5e46d7508e7cab97cee654f5041b316b in 
DEBUG: LC_ALL=C JX_LOG_LEVEL=error git clean -fd .
DEBUG: ran clean --force -d . in 
DEBUG: LC_ALL=C JX_LOG_LEVEL=error git merge cd0a5c5979a4534d57ea4d809f579b63b5a99fae
DEBUG: ran git merge cd0a5c5979a4534d57ea4d809f579b63b5a99fae in 
DEBUG: LC_ALL=C JX_LOG_LEVEL=error git log --format=%H%x1f%an%x1f%ae%x1f%cn%x1f%ce%x1f%s%n%b%x1e 5113b82e5e46d7508e7cab97cee654f5041b316b..HEAD
Merged SHA 44798b52247fd5d645a98a837ed25d1fdf839980 with commit message 'Merge commit 'cd0a5c5979a4534d57ea4d809f579b63b5a99fae'' into base branch master
Merged SHA cd0a5c5979a4534d57ea4d809f579b63b5a99fae with commit message 'debugging ...' into base branch master

Showing logs for build [32mmeta-trietlu-flask-jx-sample-pr-bfsxw-1[0m stage [32mmeta-pipeline[0m and container [32mstep-create-effective-pipeline[0m
Cloning the Jenkins X versions repo https://github.com/jenkins-x/jenkins-x-versions.git with ref refs/heads/master to /builder/home/.**/jenkins-x-versions
error: failed to load project config in dir /workspace/source: Validation failures in YAML file /workspace/source/jenkins-x.yml:
(root): Additional property ** g    release is not allowed
[31m
Pipeline failed on stage 'meta-pipeline' : container 'step-create-effective-pipeline'. The execution of the pipeline has stopped.[0m

Showing logs for build [32mmeta-trietlu-flask-jx-sample-pr-bfsxw-1[0m stage [32mmeta-pipeline[0m and container [32mstep-credential-initializer-stgc8[0m
{"level":"warn","ts":1581446371.3171594,"logger":"fallback-logger","caller":"logging/config.go:69","msg":"Fetch GitHub commit ID from kodata failed: \"ref: refs/heads/0.8.0-**-support-backwards-incompats\" is not a valid GitHub commit ID"}
{"level":"info","ts":1581446371.3176126,"logger":"fallback-logger","caller":"creds-init/main.go:40","msg":"Credentials initialized."}

Showing logs for build [32mmeta-trietlu-flask-jx-sample-pr-bfsxw-1[0m stage [32mmeta-pipeline[0m and container [32mstep-working-dir-initializer-jw9tk[0m
{"level":"warn","ts":1581446371.6600432,"logger":"fallback-logger","caller":"logging/config.go:69","msg":"Fetch GitHub commit ID from kodata failed: open /var/run/ko/HEAD: no such file or directory"}
{"level":"info","ts":1581446371.6617568,"logger":"fallback-logger","caller":"bash/main.go:64","msg":"Successfully executed command \"sh -c mkdir -p /workspace/source\"; output "}

Showing logs for build [32mmeta-trietlu-flask-jx-sample-pr-bfsxw-1[0m stage [32mmeta-pipeline[0m and container [32mstep-place-tools[0m

Showing logs for build [32mmeta-trietlu-flask-jx-sample-pr-bfsxw-1[0m stage [32mmeta-pipeline[0m and container [32mstep-git-source-meta-trietlu-flask-jx-sample-pr-bfsxw-4j8p5[0m
{"level":"warn","ts":1581446375.7107966,"logger":"fallback-logger","caller":"logging/config.go:69","msg":"Fetch GitHub commit ID from kodata failed: \"ref: refs/heads/0.8.0-**-support-backwards-incompats\" is not a valid GitHub commit ID"}
{"level":"info","ts":1581446376.114601,"logger":"fallback-logger","caller":"git/git.go:103","msg":"Successfully cloned https://github.com/*******/flask-**-sample.git @ 5113b82e5e46d7508e7cab97cee654f5041b316b in path /workspace/source"}

Showing logs for build [32mmeta-trietlu-flask-jx-sample-pr-bfsxw-1[0m stage [32mmeta-pipeline[0m and container [32mstep-git-merge[0m
Using SHAs from PULL_REFS=master:5113b82e5e46d7508e7cab97cee654f5041b316b,2:cd0a5c5979a4534d57ea4d809f579b63b5a99fae
DEBUG: LC_ALL=C JX_LOG_LEVEL=error git fetch origin --unshallow cd0a5c5979a4534d57ea4d809f579b63b5a99fae: 5113b82e5e46d7508e7cab97cee654f5041b316b:
DEBUG: ran git fetch --unshallow origin cd0a5c5979a4534d57ea4d809f579b63b5a99fae: 5113b82e5e46d7508e7cab97cee654f5041b316b: in 
DEBUG: LC_ALL=C JX_LOG_LEVEL=error git branch
DEBUG: LC_ALL=C JX_LOG_LEVEL=error git checkout master
DEBUG: ran git checkout master in 
DEBUG: LC_ALL=C JX_LOG_LEVEL=error git reset --hard 5113b82e5e46d7508e7cab97cee654f5041b316b
DEBUG: ran git reset --hard 5113b82e5e46d7508e7cab97cee654f5041b316b in 
DEBUG: LC_ALL=C JX_LOG_LEVEL=error git clean -fd .
DEBUG: ran clean --force -d . in 
DEBUG: LC_ALL=C JX_LOG_LEVEL=error git merge cd0a5c5979a4534d57ea4d809f579b63b5a99fae
DEBUG: ran git merge cd0a5c5979a4534d57ea4d809f579b63b5a99fae in 
DEBUG: LC_ALL=C JX_LOG_LEVEL=error git log --format=%H%x1f%an%x1f%ae%x1f%cn%x1f%ce%x1f%s%n%b%x1e 5113b82e5e46d7508e7cab97cee654f5041b316b..HEAD
Merged SHA 94968ae19ba96986392af9500ae9198458f5d9f3 with commit message 'Merge commit 'cd0a5c5979a4534d57ea4d809f579b63b5a99fae'' into base branch master
Merged SHA cd0a5c5979a4534d57ea4d809f579b63b5a99fae with commit message 'debugging ...' into base branch master

Showing logs for build [32mmeta-trietlu-flask-jx-sample-pr-bfsxw-1[0m stage [32mmeta-pipeline[0m and container [32mstep-merge-pull-refs[0m
DEBUG: LC_ALL=C JX_LOG_LEVEL=error git fetch origin --unshallow cd0a5c5979a4534d57ea4d809f579b63b5a99fae: 5113b82e5e46d7508e7cab97cee654f5041b316b:
DEBUG: LC_ALL=C JX_LOG_LEVEL=error git fetch origin cd0a5c5979a4534d57ea4d809f579b63b5a99fae: 5113b82e5e46d7508e7cab97cee654f5041b316b:
DEBUG: ran git fetch origin cd0a5c5979a4534d57ea4d809f579b63b5a99fae: 5113b82e5e46d7508e7cab97cee654f5041b316b: in 
DEBUG: LC_ALL=C JX_LOG_LEVEL=error git rev-parse --is-shallow-repository
DEBUG: Unshallowed git repo in 
DEBUG: LC_ALL=C JX_LOG_LEVEL=error git branch
DEBUG: LC_ALL=C JX_LOG_LEVEL=error git checkout master
DEBUG: ran git checkout master in 
DEBUG: LC_ALL=C JX_LOG_LEVEL=error git reset --hard 5113b82e5e46d7508e7cab97cee654f5041b316b
DEBUG: ran git reset --hard 5113b82e5e46d7508e7cab97cee654f5041b316b in 
DEBUG: LC_ALL=C JX_LOG_LEVEL=error git clean -fd .
DEBUG: ran clean --force -d . in 
DEBUG: LC_ALL=C JX_LOG_LEVEL=error git merge cd0a5c5979a4534d57ea4d809f579b63b5a99fae
DEBUG: ran git merge cd0a5c5979a4534d57ea4d809f579b63b5a99fae in 
DEBUG: LC_ALL=C JX_LOG_LEVEL=error git log --format=%H%x1f%an%x1f%ae%x1f%cn%x1f%ce%x1f%s%n%b%x1e 5113b82e5e46d7508e7cab97cee654f5041b316b..HEAD
Merged SHA 44798b52247fd5d645a98a837ed25d1fdf839980 with commit message 'Merge commit 'cd0a5c5979a4534d57ea4d809f579b63b5a99fae'' into base branch master
Merged SHA cd0a5c5979a4534d57ea4d809f579b63b5a99fae with commit message 'debugging ...' into base branch master

Showing logs for build [32mmeta-trietlu-flask-jx-sample-pr-bfsxw-1[0m stage [32mmeta-pipeline[0m and container [32mstep-create-effective-pipeline[0m
Cloning the Jenkins X versions repo https://github.com/jenkins-x/jenkins-x-versions.git with ref refs/heads/master to /builder/home/.**/jenkins-x-versions
error: failed to load project config in dir /workspace/source: Validation failures in YAML file /workspace/source/jenkins-x.yml:
(root): Additional property ** g    release is not allowed
[31m
Pipeline failed on stage 'meta-pipeline' : container 'step-create-effective-pipeline'. The execution of the pipeline has stopped.[0m
