
Showing logs for build [32mmeta-trietlu-flask-jx-sample-pr-tkvqn-2[0m stage [32mmeta-pipeline[0m and container [32mstep-credential-initializer-krztq[0m
{"level":"warn","ts":1581446524.1301756,"logger":"fallback-logger","caller":"logging/config.go:69","msg":"Fetch GitHub commit ID from kodata failed: \"ref: refs/heads/0.8.0-**-support-backwards-incompats\" is not a valid GitHub commit ID"}
{"level":"info","ts":1581446524.1310885,"logger":"fallback-logger","caller":"creds-init/main.go:40","msg":"Credentials initialized."}

Showing logs for build [32mmeta-trietlu-flask-jx-sample-pr-tkvqn-2[0m stage [32mmeta-pipeline[0m and container [32mstep-working-dir-initializer-pnlbf[0m
{"level":"warn","ts":1581446525.1236045,"logger":"fallback-logger","caller":"logging/config.go:69","msg":"Fetch GitHub commit ID from kodata failed: open /var/run/ko/HEAD: no such file or directory"}
{"level":"info","ts":1581446525.1254163,"logger":"fallback-logger","caller":"bash/main.go:64","msg":"Successfully executed command \"sh -c mkdir -p /workspace/source\"; output "}

Showing logs for build [32mmeta-trietlu-flask-jx-sample-pr-tkvqn-2[0m stage [32mmeta-pipeline[0m and container [32mstep-place-tools[0m

Showing logs for build [32mmeta-trietlu-flask-jx-sample-pr-tkvqn-2[0m stage [32mmeta-pipeline[0m and container [32mstep-git-source-meta-trietlu-flask-jx-sample-pr-tkvqn-wc5b9[0m
{"level":"warn","ts":1581446529.2035127,"logger":"fallback-logger","caller":"logging/config.go:69","msg":"Fetch GitHub commit ID from kodata failed: \"ref: refs/heads/0.8.0-**-support-backwards-incompats\" is not a valid GitHub commit ID"}
{"level":"info","ts":1581446529.4867225,"logger":"fallback-logger","caller":"git/git.go:103","msg":"Successfully cloned https://github.com/*******/flask-**-sample.git @ 5113b82e5e46d7508e7cab97cee654f5041b316b in path /workspace/source"}

Showing logs for build [32mmeta-trietlu-flask-jx-sample-pr-tkvqn-2[0m stage [32mmeta-pipeline[0m and container [32mstep-git-merge[0m
Using SHAs from PULL_REFS=master:5113b82e5e46d7508e7cab97cee654f5041b316b,2:069f446a635e919342636d48298621845a358eaa
DEBUG: LC_ALL=C JX_LOG_LEVEL=error git fetch origin --unshallow 069f446a635e919342636d48298621845a358eaa: 5113b82e5e46d7508e7cab97cee654f5041b316b:
DEBUG: ran git fetch --unshallow origin 069f446a635e919342636d48298621845a358eaa: 5113b82e5e46d7508e7cab97cee654f5041b316b: in 
DEBUG: LC_ALL=C JX_LOG_LEVEL=error git branch
DEBUG: LC_ALL=C JX_LOG_LEVEL=error git checkout master
DEBUG: ran git checkout master in 
DEBUG: LC_ALL=C JX_LOG_LEVEL=error git reset --hard 5113b82e5e46d7508e7cab97cee654f5041b316b
DEBUG: ran git reset --hard 5113b82e5e46d7508e7cab97cee654f5041b316b in 
DEBUG: LC_ALL=C JX_LOG_LEVEL=error git clean -fd .
DEBUG: ran clean --force -d . in 
DEBUG: LC_ALL=C JX_LOG_LEVEL=error git merge 069f446a635e919342636d48298621845a358eaa
DEBUG: ran git merge 069f446a635e919342636d48298621845a358eaa in 
DEBUG: LC_ALL=C JX_LOG_LEVEL=error git log --format=%H%x1f%an%x1f%ae%x1f%cn%x1f%ce%x1f%s%n%b%x1e 5113b82e5e46d7508e7cab97cee654f5041b316b..HEAD
Merged SHA e0575fa0f3435533161517e5661cfd0ba4533775 with commit message 'Merge commit '069f446a635e919342636d48298621845a358eaa'' into base branch master
Merged SHA 069f446a635e919342636d48298621845a358eaa with commit message 'debugging ...' into base branch master
Merged SHA cd0a5c5979a4534d57ea4d809f579b63b5a99fae with commit message 'debugging ...' into base branch master

Showing logs for build [32mmeta-trietlu-flask-jx-sample-pr-tkvqn-2[0m stage [32mmeta-pipeline[0m and container [32mstep-merge-pull-refs[0m
DEBUG: JX_LOG_LEVEL=error LC_ALL=C git fetch origin --unshallow 069f446a635e919342636d48298621845a358eaa: 5113b82e5e46d7508e7cab97cee654f5041b316b:
DEBUG: LC_ALL=C JX_LOG_LEVEL=error git fetch origin 069f446a635e919342636d48298621845a358eaa: 5113b82e5e46d7508e7cab97cee654f5041b316b:
DEBUG: ran git fetch origin 069f446a635e919342636d48298621845a358eaa: 5113b82e5e46d7508e7cab97cee654f5041b316b: in 
DEBUG: LC_ALL=C JX_LOG_LEVEL=error git rev-parse --is-shallow-repository
DEBUG: Unshallowed git repo in 
DEBUG: LC_ALL=C JX_LOG_LEVEL=error git branch
DEBUG: LC_ALL=C JX_LOG_LEVEL=error git checkout master
DEBUG: ran git checkout master in 
DEBUG: LC_ALL=C JX_LOG_LEVEL=error git reset --hard 5113b82e5e46d7508e7cab97cee654f5041b316b
DEBUG: ran git reset --hard 5113b82e5e46d7508e7cab97cee654f5041b316b in 
DEBUG: LC_ALL=C JX_LOG_LEVEL=error git clean -fd .
DEBUG: ran clean --force -d . in 
DEBUG: JX_LOG_LEVEL=error LC_ALL=C git merge 069f446a635e919342636d48298621845a358eaa
DEBUG: ran git merge 069f446a635e919342636d48298621845a358eaa in 
DEBUG: LC_ALL=C JX_LOG_LEVEL=error git log --format=%H%x1f%an%x1f%ae%x1f%cn%x1f%ce%x1f%s%n%b%x1e 5113b82e5e46d7508e7cab97cee654f5041b316b..HEAD
Merged SHA b9e39f852241438f22d43ffdc5d3bcc42b0ba7dc with commit message 'Merge commit '069f446a635e919342636d48298621845a358eaa'' into base branch master
Merged SHA 069f446a635e919342636d48298621845a358eaa with commit message 'debugging ...' into base branch master
Merged SHA cd0a5c5979a4534d57ea4d809f579b63b5a99fae with commit message 'debugging ...' into base branch master

Showing logs for build [32mmeta-trietlu-flask-jx-sample-pr-tkvqn-2[0m stage [32mmeta-pipeline[0m and container [32mstep-create-effective-pipeline[0m
Cloning the Jenkins X versions repo https://github.com/jenkins-x/jenkins-x-versions.git with ref refs/heads/master to /builder/home/.**/jenkins-x-versions
error: failed to load project config in dir /workspace/source: Validation failures in YAML file /workspace/source/jenkins-x.yml:
(root): Additional property ** g    release is not allowed
[31m
Pipeline failed on stage 'meta-pipeline' : container 'step-create-effective-pipeline'. The execution of the pipeline has stopped.[0m

Showing logs for build [32mmeta-trietlu-flask-jx-sample-pr-tkvqn-2[0m stage [32mmeta-pipeline[0m and container [32mstep-credential-initializer-krztq[0m
{"level":"warn","ts":1581446524.1301756,"logger":"fallback-logger","caller":"logging/config.go:69","msg":"Fetch GitHub commit ID from kodata failed: \"ref: refs/heads/0.8.0-**-support-backwards-incompats\" is not a valid GitHub commit ID"}
{"level":"info","ts":1581446524.1310885,"logger":"fallback-logger","caller":"creds-init/main.go:40","msg":"Credentials initialized."}

Showing logs for build [32mmeta-trietlu-flask-jx-sample-pr-tkvqn-2[0m stage [32mmeta-pipeline[0m and container [32mstep-working-dir-initializer-pnlbf[0m
{"level":"warn","ts":1581446525.1236045,"logger":"fallback-logger","caller":"logging/config.go:69","msg":"Fetch GitHub commit ID from kodata failed: open /var/run/ko/HEAD: no such file or directory"}
{"level":"info","ts":1581446525.1254163,"logger":"fallback-logger","caller":"bash/main.go:64","msg":"Successfully executed command \"sh -c mkdir -p /workspace/source\"; output "}

Showing logs for build [32mmeta-trietlu-flask-jx-sample-pr-tkvqn-2[0m stage [32mmeta-pipeline[0m and container [32mstep-place-tools[0m

Showing logs for build [32mmeta-trietlu-flask-jx-sample-pr-tkvqn-2[0m stage [32mmeta-pipeline[0m and container [32mstep-git-source-meta-trietlu-flask-jx-sample-pr-tkvqn-wc5b9[0m
{"level":"warn","ts":1581446529.2035127,"logger":"fallback-logger","caller":"logging/config.go:69","msg":"Fetch GitHub commit ID from kodata failed: \"ref: refs/heads/0.8.0-**-support-backwards-incompats\" is not a valid GitHub commit ID"}
{"level":"info","ts":1581446529.4867225,"logger":"fallback-logger","caller":"git/git.go:103","msg":"Successfully cloned https://github.com/*******/flask-**-sample.git @ 5113b82e5e46d7508e7cab97cee654f5041b316b in path /workspace/source"}

Showing logs for build [32mmeta-trietlu-flask-jx-sample-pr-tkvqn-2[0m stage [32mmeta-pipeline[0m and container [32mstep-git-merge[0m
Using SHAs from PULL_REFS=master:5113b82e5e46d7508e7cab97cee654f5041b316b,2:069f446a635e919342636d48298621845a358eaa
DEBUG: LC_ALL=C JX_LOG_LEVEL=error git fetch origin --unshallow 069f446a635e919342636d48298621845a358eaa: 5113b82e5e46d7508e7cab97cee654f5041b316b:
DEBUG: ran git fetch --unshallow origin 069f446a635e919342636d48298621845a358eaa: 5113b82e5e46d7508e7cab97cee654f5041b316b: in 
DEBUG: LC_ALL=C JX_LOG_LEVEL=error git branch
DEBUG: LC_ALL=C JX_LOG_LEVEL=error git checkout master
DEBUG: ran git checkout master in 
DEBUG: LC_ALL=C JX_LOG_LEVEL=error git reset --hard 5113b82e5e46d7508e7cab97cee654f5041b316b
DEBUG: ran git reset --hard 5113b82e5e46d7508e7cab97cee654f5041b316b in 
DEBUG: LC_ALL=C JX_LOG_LEVEL=error git clean -fd .
DEBUG: ran clean --force -d . in 
DEBUG: LC_ALL=C JX_LOG_LEVEL=error git merge 069f446a635e919342636d48298621845a358eaa
DEBUG: ran git merge 069f446a635e919342636d48298621845a358eaa in 
DEBUG: LC_ALL=C JX_LOG_LEVEL=error git log --format=%H%x1f%an%x1f%ae%x1f%cn%x1f%ce%x1f%s%n%b%x1e 5113b82e5e46d7508e7cab97cee654f5041b316b..HEAD
Merged SHA e0575fa0f3435533161517e5661cfd0ba4533775 with commit message 'Merge commit '069f446a635e919342636d48298621845a358eaa'' into base branch master
Merged SHA 069f446a635e919342636d48298621845a358eaa with commit message 'debugging ...' into base branch master
Merged SHA cd0a5c5979a4534d57ea4d809f579b63b5a99fae with commit message 'debugging ...' into base branch master

Showing logs for build [32mmeta-trietlu-flask-jx-sample-pr-tkvqn-2[0m stage [32mmeta-pipeline[0m and container [32mstep-merge-pull-refs[0m
DEBUG: JX_LOG_LEVEL=error LC_ALL=C git fetch origin --unshallow 069f446a635e919342636d48298621845a358eaa: 5113b82e5e46d7508e7cab97cee654f5041b316b:
DEBUG: LC_ALL=C JX_LOG_LEVEL=error git fetch origin 069f446a635e919342636d48298621845a358eaa: 5113b82e5e46d7508e7cab97cee654f5041b316b:
DEBUG: ran git fetch origin 069f446a635e919342636d48298621845a358eaa: 5113b82e5e46d7508e7cab97cee654f5041b316b: in 
DEBUG: LC_ALL=C JX_LOG_LEVEL=error git rev-parse --is-shallow-repository
DEBUG: Unshallowed git repo in 
DEBUG: LC_ALL=C JX_LOG_LEVEL=error git branch
DEBUG: LC_ALL=C JX_LOG_LEVEL=error git checkout master
DEBUG: ran git checkout master in 
DEBUG: LC_ALL=C JX_LOG_LEVEL=error git reset --hard 5113b82e5e46d7508e7cab97cee654f5041b316b
DEBUG: ran git reset --hard 5113b82e5e46d7508e7cab97cee654f5041b316b in 
DEBUG: LC_ALL=C JX_LOG_LEVEL=error git clean -fd .
DEBUG: ran clean --force -d . in 
DEBUG: JX_LOG_LEVEL=error LC_ALL=C git merge 069f446a635e919342636d48298621845a358eaa
DEBUG: ran git merge 069f446a635e919342636d48298621845a358eaa in 
DEBUG: LC_ALL=C JX_LOG_LEVEL=error git log --format=%H%x1f%an%x1f%ae%x1f%cn%x1f%ce%x1f%s%n%b%x1e 5113b82e5e46d7508e7cab97cee654f5041b316b..HEAD
Merged SHA b9e39f852241438f22d43ffdc5d3bcc42b0ba7dc with commit message 'Merge commit '069f446a635e919342636d48298621845a358eaa'' into base branch master
Merged SHA 069f446a635e919342636d48298621845a358eaa with commit message 'debugging ...' into base branch master
Merged SHA cd0a5c5979a4534d57ea4d809f579b63b5a99fae with commit message 'debugging ...' into base branch master

Showing logs for build [32mmeta-trietlu-flask-jx-sample-pr-tkvqn-2[0m stage [32mmeta-pipeline[0m and container [32mstep-create-effective-pipeline[0m
Cloning the Jenkins X versions repo https://github.com/jenkins-x/jenkins-x-versions.git with ref refs/heads/master to /builder/home/.**/jenkins-x-versions
error: failed to load project config in dir /workspace/source: Validation failures in YAML file /workspace/source/jenkins-x.yml:
(root): Additional property ** g    release is not allowed
[31m
Pipeline failed on stage 'meta-pipeline' : container 'step-create-effective-pipeline'. The execution of the pipeline has stopped.[0m
